2023-11-17 17:12:02,325 Namespace(out_dir='out', frequent=10, eval_interval=1, gpu=False, num_workers=4)
2023-11-17 17:12:02,513 => load 200 samples
2023-11-17 17:12:02,513 => load 200 samples
2023-11-17 17:12:02,875 Epoch: [0][0/200]	Time 0.361s (0.361s)	Speed 88.7 samples/s	Data 0.070s (0.070s)	Loss 2.53597 (2.53597)
2023-11-17 17:12:05,311 Epoch: [0][10/200]	Time 0.245s (0.254s)	Speed 130.4 samples/s	Data 0.002s (0.008s)	Loss 2.05254 (2.26275)
2023-11-17 17:12:08,121 Epoch: [0][20/200]	Time 0.275s (0.267s)	Speed 116.2 samples/s	Data 0.001s (0.005s)	Loss 1.76610 (2.08510)
2023-11-17 17:12:10,818 Epoch: [0][30/200]	Time 0.262s (0.268s)	Speed 122.0 samples/s	Data 0.001s (0.004s)	Loss 1.51251 (1.93454)
2023-11-17 17:12:13,353 Epoch: [0][40/200]	Time 0.264s (0.264s)	Speed 121.2 samples/s	Data 0.001s (0.003s)	Loss 1.28786 (1.80118)
2023-11-17 17:12:15,876 Epoch: [0][50/200]	Time 0.267s (0.262s)	Speed 119.9 samples/s	Data 0.002s (0.003s)	Loss 1.09625 (1.68012)
2023-11-17 17:12:18,988 Epoch: [0][60/200]	Time 0.348s (0.270s)	Speed 92.1 samples/s	Data 0.001s (0.003s)	Loss 0.92770 (1.56846)
2023-11-17 17:12:22,349 Epoch: [0][70/200]	Time 0.318s (0.279s)	Speed 100.5 samples/s	Data 0.001s (0.002s)	Loss 0.77003 (1.46662)
2023-11-17 17:12:25,830 Epoch: [0][80/200]	Time 0.342s (0.288s)	Speed 93.5 samples/s	Data 0.001s (0.002s)	Loss 0.65846 (1.37313)
2023-11-17 17:12:29,052 Epoch: [0][90/200]	Time 0.273s (0.292s)	Speed 117.4 samples/s	Data 0.002s (0.002s)	Loss 0.57847 (1.28890)
2023-11-17 17:12:31,469 Epoch: [0][100/200]	Time 0.243s (0.287s)	Speed 131.9 samples/s	Data 0.001s (0.002s)	Loss 0.48544 (1.21303)
2023-11-17 17:12:34,101 Epoch: [0][110/200]	Time 0.259s (0.285s)	Speed 123.5 samples/s	Data 0.002s (0.002s)	Loss 0.41585 (1.14443)
2023-11-17 17:12:36,596 Epoch: [0][120/200]	Time 0.254s (0.282s)	Speed 126.0 samples/s	Data 0.002s (0.002s)	Loss 0.36439 (1.08260)
2023-11-17 17:12:39,109 Epoch: [0][130/200]	Time 0.257s (0.279s)	Speed 124.7 samples/s	Data 0.002s (0.002s)	Loss 0.34551 (1.02651)
2023-11-17 17:12:41,928 Epoch: [0][140/200]	Time 0.249s (0.280s)	Speed 128.6 samples/s	Data 0.001s (0.002s)	Loss 0.30773 (0.97659)
2023-11-17 17:12:44,486 Epoch: [0][150/200]	Time 0.256s (0.278s)	Speed 124.9 samples/s	Data 0.001s (0.002s)	Loss 0.28574 (0.93097)
2023-11-17 17:12:47,006 Epoch: [0][160/200]	Time 0.264s (0.276s)	Speed 121.2 samples/s	Data 0.002s (0.002s)	Loss 0.26794 (0.88988)
2023-11-17 17:12:49,604 Epoch: [0][170/200]	Time 0.250s (0.275s)	Speed 128.2 samples/s	Data 0.001s (0.002s)	Loss 0.25851 (0.85260)
2023-11-17 17:12:52,178 Epoch: [0][180/200]	Time 0.265s (0.274s)	Speed 120.6 samples/s	Data 0.002s (0.002s)	Loss 0.23064 (0.81869)
2023-11-17 17:12:54,925 Epoch: [0][190/200]	Time 0.302s (0.274s)	Speed 106.0 samples/s	Data 0.002s (0.002s)	Loss 0.20660 (0.78715)
2023-11-17 17:12:57,559 Test: [0/200]	Time 0.080 (0.080)	Loss 0.4326 (0.4326)
2023-11-17 17:12:57,873 Test: [10/200]	Time 0.019 (0.036)	Loss 0.1475 (0.3522)
2023-11-17 17:12:58,074 Test: [20/200]	Time 0.020 (0.028)	Loss 0.2639 (0.3636)
2023-11-17 17:12:58,283 Test: [30/200]	Time 0.023 (0.026)	Loss 0.5282 (0.3710)
2023-11-17 17:12:58,501 Test: [40/200]	Time 0.020 (0.025)	Loss 0.3901 (0.3854)
2023-11-17 17:12:58,715 Test: [50/200]	Time 0.021 (0.024)	Loss 0.4697 (0.3889)
2023-11-17 17:12:58,938 Test: [60/200]	Time 0.021 (0.024)	Loss 0.4401 (0.3892)
2023-11-17 17:12:59,154 Test: [70/200]	Time 0.021 (0.024)	Loss 0.3698 (0.3883)
2023-11-17 17:12:59,373 Test: [80/200]	Time 0.020 (0.023)	Loss 0.4780 (0.3837)
2023-11-17 17:12:59,592 Test: [90/200]	Time 0.021 (0.023)	Loss 0.4711 (0.3871)
2023-11-17 17:12:59,820 Test: [100/200]	Time 0.020 (0.023)	Loss 0.4731 (0.3859)
2023-11-17 17:13:00,059 Test: [110/200]	Time 0.020 (0.023)	Loss 0.4698 (0.3877)
2023-11-17 17:13:00,285 Test: [120/200]	Time 0.024 (0.023)	Loss 0.4446 (0.3855)
2023-11-17 17:13:00,508 Test: [130/200]	Time 0.021 (0.023)	Loss 0.3657 (0.3896)
2023-11-17 17:13:00,732 Test: [140/200]	Time 0.020 (0.023)	Loss 0.3534 (0.3887)
2023-11-17 17:13:00,952 Test: [150/200]	Time 0.021 (0.023)	Loss 0.4312 (0.3877)
2023-11-17 17:13:01,184 Test: [160/200]	Time 0.020 (0.023)	Loss 0.3994 (0.3873)
2023-11-17 17:13:01,408 Test: [170/200]	Time 0.020 (0.023)	Loss 0.2853 (0.3850)
2023-11-17 17:13:01,632 Test: [180/200]	Time 0.022 (0.023)	Loss 0.3269 (0.3831)
2023-11-17 17:13:01,857 Test: [190/200]	Time 0.020 (0.023)	Loss 0.3207 (0.3843)
2023-11-17 17:13:02,883 Mean IoU score: 0.192
2023-11-17 17:13:02,884 => saving checkpoint to out
2023-11-17 17:13:03,351 Epoch: [1][0/200]	Time 0.444s (0.444s)	Speed 72.1 samples/s	Data 0.077s (0.077s)	Loss 0.19994 (0.19994)
2023-11-17 17:13:05,873 Epoch: [1][10/200]	Time 0.259s (0.270s)	Speed 123.4 samples/s	Data 0.001s (0.008s)	Loss 0.19974 (0.20667)
2023-11-17 17:13:08,554 Epoch: [1][20/200]	Time 0.268s (0.269s)	Speed 119.4 samples/s	Data 0.002s (0.005s)	Loss 0.24808 (0.20289)
2023-11-17 17:13:11,262 Epoch: [1][30/200]	Time 0.255s (0.270s)	Speed 125.3 samples/s	Data 0.002s (0.004s)	Loss 0.16385 (0.19952)
2023-11-17 17:13:13,833 Epoch: [1][40/200]	Time 0.253s (0.267s)	Speed 126.6 samples/s	Data 0.002s (0.003s)	Loss 0.17819 (0.19431)
2023-11-17 17:13:16,433 Epoch: [1][50/200]	Time 0.257s (0.265s)	Speed 124.3 samples/s	Data 0.002s (0.003s)	Loss 0.15375 (0.19042)
2023-11-17 17:13:18,991 Epoch: [1][60/200]	Time 0.254s (0.264s)	Speed 125.8 samples/s	Data 0.002s (0.003s)	Loss 0.16239 (0.18661)
2023-11-17 17:13:21,626 Epoch: [1][70/200]	Time 0.265s (0.264s)	Speed 120.8 samples/s	Data 0.002s (0.003s)	Loss 0.15822 (0.18269)
2023-11-17 17:13:24,206 Epoch: [1][80/200]	Time 0.252s (0.263s)	Speed 127.2 samples/s	Data 0.002s (0.003s)	Loss 0.12051 (0.17813)
2023-11-17 17:13:26,788 Epoch: [1][90/200]	Time 0.260s (0.262s)	Speed 123.0 samples/s	Data 0.002s (0.003s)	Loss 0.13834 (0.17364)
2023-11-17 17:13:29,374 Epoch: [1][100/200]	Time 0.254s (0.262s)	Speed 125.8 samples/s	Data 0.002s (0.002s)	Loss 0.12990 (0.17078)
2023-11-17 17:13:31,950 Epoch: [1][110/200]	Time 0.268s (0.262s)	Speed 119.4 samples/s	Data 0.002s (0.002s)	Loss 0.12296 (0.16759)
2023-11-17 17:13:34,544 Epoch: [1][120/200]	Time 0.252s (0.261s)	Speed 127.2 samples/s	Data 0.002s (0.002s)	Loss 0.10860 (0.16365)
2023-11-17 17:13:37,167 Epoch: [1][130/200]	Time 0.272s (0.262s)	Speed 117.8 samples/s	Data 0.002s (0.002s)	Loss 0.10594 (0.15991)
2023-11-17 17:13:39,788 Epoch: [1][140/200]	Time 0.255s (0.262s)	Speed 125.5 samples/s	Data 0.002s (0.002s)	Loss 0.12655 (0.15655)
2023-11-17 17:13:42,413 Epoch: [1][150/200]	Time 0.258s (0.262s)	Speed 123.8 samples/s	Data 0.002s (0.002s)	Loss 0.09448 (0.15315)
2023-11-17 17:13:44,983 Epoch: [1][160/200]	Time 0.260s (0.261s)	Speed 122.9 samples/s	Data 0.002s (0.002s)	Loss 0.10803 (0.15010)
2023-11-17 17:13:47,595 Epoch: [1][170/200]	Time 0.263s (0.261s)	Speed 121.6 samples/s	Data 0.002s (0.002s)	Loss 0.09103 (0.14717)
2023-11-17 17:13:50,179 Epoch: [1][180/200]	Time 0.256s (0.261s)	Speed 125.1 samples/s	Data 0.002s (0.002s)	Loss 0.09968 (0.14434)
2023-11-17 17:13:52,775 Epoch: [1][190/200]	Time 0.259s (0.261s)	Speed 123.5 samples/s	Data 0.002s (0.002s)	Loss 0.09649 (0.14172)
2023-11-17 17:13:55,194 Test: [0/200]	Time 0.065 (0.065)	Loss 0.2567 (0.2567)
2023-11-17 17:13:55,422 Test: [10/200]	Time 0.020 (0.027)	Loss 0.0693 (0.1867)
2023-11-17 17:13:55,639 Test: [20/200]	Time 0.020 (0.024)	Loss 0.1451 (0.1921)
2023-11-17 17:13:55,861 Test: [30/200]	Time 0.020 (0.024)	Loss 0.2547 (0.1993)
2023-11-17 17:13:56,091 Test: [40/200]	Time 0.021 (0.023)	Loss 0.2068 (0.2084)
2023-11-17 17:13:56,314 Test: [50/200]	Time 0.021 (0.023)	Loss 0.2689 (0.2088)
2023-11-17 17:13:56,538 Test: [60/200]	Time 0.020 (0.023)	Loss 0.2394 (0.2098)
2023-11-17 17:13:56,762 Test: [70/200]	Time 0.023 (0.023)	Loss 0.1767 (0.2090)
2023-11-17 17:13:56,987 Test: [80/200]	Time 0.021 (0.023)	Loss 0.2595 (0.2057)
2023-11-17 17:13:57,206 Test: [90/200]	Time 0.021 (0.023)	Loss 0.2714 (0.2081)
2023-11-17 17:13:57,431 Test: [100/200]	Time 0.022 (0.023)	Loss 0.2911 (0.2070)
2023-11-17 17:13:57,648 Test: [110/200]	Time 0.020 (0.023)	Loss 0.2722 (0.2080)
2023-11-17 17:13:57,872 Test: [120/200]	Time 0.021 (0.023)	Loss 0.2244 (0.2063)
2023-11-17 17:13:58,094 Test: [130/200]	Time 0.020 (0.023)	Loss 0.1798 (0.2086)
2023-11-17 17:13:58,314 Test: [140/200]	Time 0.021 (0.023)	Loss 0.1826 (0.2083)
2023-11-17 17:13:58,535 Test: [150/200]	Time 0.020 (0.023)	Loss 0.2007 (0.2069)
2023-11-17 17:13:58,749 Test: [160/200]	Time 0.020 (0.022)	Loss 0.2325 (0.2065)
2023-11-17 17:13:58,993 Test: [170/200]	Time 0.030 (0.023)	Loss 0.1557 (0.2049)
2023-11-17 17:13:59,211 Test: [180/200]	Time 0.020 (0.023)	Loss 0.1700 (0.2038)
2023-11-17 17:13:59,430 Test: [190/200]	Time 0.021 (0.023)	Loss 0.1396 (0.2045)
2023-11-17 17:14:00,462 Mean IoU score: 0.554
2023-11-17 17:14:00,464 => saving checkpoint to out
2023-11-17 17:14:00,907 Epoch: [2][0/200]	Time 0.402s (0.402s)	Speed 79.5 samples/s	Data 0.062s (0.062s)	Loss 0.07389 (0.07389)
2023-11-17 17:14:03,434 Epoch: [2][10/200]	Time 0.264s (0.266s)	Speed 121.1 samples/s	Data 0.002s (0.007s)	Loss 0.08355 (0.08435)
2023-11-17 17:14:06,076 Epoch: [2][20/200]	Time 0.268s (0.265s)	Speed 119.5 samples/s	Data 0.002s (0.005s)	Loss 0.07892 (0.08064)
2023-11-17 17:14:08,686 Epoch: [2][30/200]	Time 0.256s (0.264s)	Speed 125.0 samples/s	Data 0.001s (0.004s)	Loss 0.06690 (0.07745)
2023-11-17 17:14:11,308 Epoch: [2][40/200]	Time 0.260s (0.264s)	Speed 122.9 samples/s	Data 0.002s (0.003s)	Loss 0.06930 (0.07663)
2023-11-17 17:14:13,925 Epoch: [2][50/200]	Time 0.261s (0.263s)	Speed 122.5 samples/s	Data 0.002s (0.003s)	Loss 0.06403 (0.07495)
2023-11-17 17:14:16,528 Epoch: [2][60/200]	Time 0.260s (0.263s)	Speed 123.2 samples/s	Data 0.002s (0.003s)	Loss 0.06007 (0.07352)
2023-11-17 17:14:19,206 Epoch: [2][70/200]	Time 0.256s (0.263s)	Speed 125.2 samples/s	Data 0.002s (0.003s)	Loss 0.07276 (0.07203)
2023-11-17 17:14:21,789 Epoch: [2][80/200]	Time 0.257s (0.263s)	Speed 124.5 samples/s	Data 0.002s (0.002s)	Loss 0.06339 (0.07094)
2023-11-17 17:14:24,399 Epoch: [2][90/200]	Time 0.268s (0.263s)	Speed 119.6 samples/s	Data 0.002s (0.002s)	Loss 0.05407 (0.06947)
2023-11-17 17:14:27,002 Epoch: [2][100/200]	Time 0.258s (0.262s)	Speed 123.8 samples/s	Data 0.002s (0.002s)	Loss 0.05981 (0.06812)
2023-11-17 17:14:29,642 Epoch: [2][110/200]	Time 0.258s (0.263s)	Speed 124.0 samples/s	Data 0.002s (0.002s)	Loss 0.05421 (0.06767)
2023-11-17 17:14:32,308 Epoch: [2][120/200]	Time 0.266s (0.263s)	Speed 120.5 samples/s	Data 0.002s (0.002s)	Loss 0.06014 (0.06651)
2023-11-17 17:14:34,913 Epoch: [2][130/200]	Time 0.255s (0.263s)	Speed 125.4 samples/s	Data 0.002s (0.002s)	Loss 0.05791 (0.06547)
2023-11-17 17:14:37,518 Epoch: [2][140/200]	Time 0.264s (0.263s)	Speed 121.1 samples/s	Data 0.002s (0.002s)	Loss 0.05653 (0.06456)
2023-11-17 17:14:40,179 Epoch: [2][150/200]	Time 0.262s (0.263s)	Speed 122.1 samples/s	Data 0.002s (0.002s)	Loss 0.04444 (0.06377)
2023-11-17 17:14:42,773 Epoch: [2][160/200]	Time 0.262s (0.263s)	Speed 122.0 samples/s	Data 0.002s (0.002s)	Loss 0.04210 (0.06277)
2023-11-17 17:14:45,384 Epoch: [2][170/200]	Time 0.257s (0.262s)	Speed 124.6 samples/s	Data 0.002s (0.002s)	Loss 0.04596 (0.06190)
2023-11-17 17:14:48,006 Epoch: [2][180/200]	Time 0.263s (0.262s)	Speed 121.8 samples/s	Data 0.002s (0.002s)	Loss 0.04317 (0.06091)
2023-11-17 17:14:50,606 Epoch: [2][190/200]	Time 0.259s (0.262s)	Speed 123.8 samples/s	Data 0.002s (0.002s)	Loss 0.05293 (0.06002)
2023-11-17 17:14:53,067 Test: [0/200]	Time 0.073 (0.073)	Loss 0.1216 (0.1216)
2023-11-17 17:14:53,306 Test: [10/200]	Time 0.020 (0.028)	Loss 0.0330 (0.1055)
2023-11-17 17:14:53,525 Test: [20/200]	Time 0.020 (0.025)	Loss 0.0707 (0.1087)
2023-11-17 17:14:53,744 Test: [30/200]	Time 0.021 (0.024)	Loss 0.1677 (0.1143)
2023-11-17 17:14:53,966 Test: [40/200]	Time 0.020 (0.024)	Loss 0.1110 (0.1195)
2023-11-17 17:14:54,186 Test: [50/200]	Time 0.021 (0.023)	Loss 0.1700 (0.1198)
2023-11-17 17:14:54,441 Test: [60/200]	Time 0.020 (0.024)	Loss 0.1394 (0.1224)
2023-11-17 17:14:54,665 Test: [70/200]	Time 0.021 (0.024)	Loss 0.1125 (0.1218)
2023-11-17 17:14:54,885 Test: [80/200]	Time 0.020 (0.023)	Loss 0.1297 (0.1197)
2023-11-17 17:14:55,104 Test: [90/200]	Time 0.020 (0.023)	Loss 0.1538 (0.1210)
2023-11-17 17:14:55,361 Test: [100/200]	Time 0.020 (0.023)	Loss 0.1815 (0.1206)
2023-11-17 17:14:55,575 Test: [110/200]	Time 0.020 (0.023)	Loss 0.1897 (0.1217)
2023-11-17 17:14:55,792 Test: [120/200]	Time 0.020 (0.023)	Loss 0.1446 (0.1202)
2023-11-17 17:14:56,015 Test: [130/200]	Time 0.021 (0.023)	Loss 0.1254 (0.1212)
2023-11-17 17:14:56,237 Test: [140/200]	Time 0.023 (0.023)	Loss 0.0918 (0.1203)
2023-11-17 17:14:56,461 Test: [150/200]	Time 0.022 (0.023)	Loss 0.1131 (0.1190)
2023-11-17 17:14:56,680 Test: [160/200]	Time 0.021 (0.023)	Loss 0.1200 (0.1187)
2023-11-17 17:14:56,904 Test: [170/200]	Time 0.020 (0.023)	Loss 0.1023 (0.1175)
2023-11-17 17:14:57,130 Test: [180/200]	Time 0.021 (0.023)	Loss 0.0986 (0.1166)
2023-11-17 17:14:57,351 Test: [190/200]	Time 0.022 (0.023)	Loss 0.0742 (0.1167)
2023-11-17 17:14:58,379 Mean IoU score: 0.756
2023-11-17 17:14:58,380 => saving checkpoint to out
2023-11-17 17:14:58,815 Epoch: [3][0/200]	Time 0.398s (0.398s)	Speed 80.5 samples/s	Data 0.071s (0.071s)	Loss 0.03878 (0.03878)
2023-11-17 17:15:01,320 Epoch: [3][10/200]	Time 0.258s (0.264s)	Speed 124.2 samples/s	Data 0.002s (0.008s)	Loss 0.04226 (0.04088)
2023-11-17 17:15:03,928 Epoch: [3][20/200]	Time 0.263s (0.262s)	Speed 121.7 samples/s	Data 0.001s (0.005s)	Loss 0.06291 (0.03986)
2023-11-17 17:15:06,557 Epoch: [3][30/200]	Time 0.262s (0.263s)	Speed 122.0 samples/s	Data 0.002s (0.004s)	Loss 0.02624 (0.03925)
2023-11-17 17:15:09,183 Epoch: [3][40/200]	Time 0.264s (0.263s)	Speed 121.1 samples/s	Data 0.002s (0.003s)	Loss 0.03592 (0.03899)
2023-11-17 17:15:11,788 Epoch: [3][50/200]	Time 0.259s (0.262s)	Speed 123.6 samples/s	Data 0.002s (0.003s)	Loss 0.03209 (0.03816)
2023-11-17 17:15:14,430 Epoch: [3][60/200]	Time 0.262s (0.263s)	Speed 122.0 samples/s	Data 0.002s (0.003s)	Loss 0.03167 (0.03736)
2023-11-17 17:15:17,062 Epoch: [3][70/200]	Time 0.266s (0.263s)	Speed 120.3 samples/s	Data 0.002s (0.003s)	Loss 0.03792 (0.03707)
2023-11-17 17:15:19,632 Epoch: [3][80/200]	Time 0.258s (0.262s)	Speed 124.3 samples/s	Data 0.002s (0.003s)	Loss 0.02640 (0.03693)
2023-11-17 17:15:22,278 Epoch: [3][90/200]	Time 0.265s (0.262s)	Speed 120.6 samples/s	Data 0.002s (0.002s)	Loss 0.03202 (0.03669)
2023-11-17 17:15:24,898 Epoch: [3][100/200]	Time 0.263s (0.262s)	Speed 121.5 samples/s	Data 0.002s (0.002s)	Loss 0.03153 (0.03653)
2023-11-17 17:15:27,530 Epoch: [3][110/200]	Time 0.255s (0.262s)	Speed 125.7 samples/s	Data 0.002s (0.002s)	Loss 0.03001 (0.03633)
2023-11-17 17:15:30,120 Epoch: [3][120/200]	Time 0.266s (0.262s)	Speed 120.5 samples/s	Data 0.002s (0.002s)	Loss 0.04272 (0.03622)
2023-11-17 17:15:32,733 Epoch: [3][130/200]	Time 0.255s (0.262s)	Speed 125.6 samples/s	Data 0.002s (0.002s)	Loss 0.03573 (0.03612)
2023-11-17 17:15:35,399 Epoch: [3][140/200]	Time 0.259s (0.262s)	Speed 123.3 samples/s	Data 0.002s (0.002s)	Loss 0.03595 (0.03591)
2023-11-17 17:15:38,006 Epoch: [3][150/200]	Time 0.267s (0.262s)	Speed 120.0 samples/s	Data 0.002s (0.002s)	Loss 0.02771 (0.03585)
2023-11-17 17:15:40,598 Epoch: [3][160/200]	Time 0.258s (0.262s)	Speed 124.1 samples/s	Data 0.001s (0.002s)	Loss 0.03307 (0.03596)
2023-11-17 17:15:43,203 Epoch: [3][170/200]	Time 0.259s (0.262s)	Speed 123.7 samples/s	Data 0.002s (0.002s)	Loss 0.04118 (0.03583)
2023-11-17 17:15:45,835 Epoch: [3][180/200]	Time 0.256s (0.262s)	Speed 125.2 samples/s	Data 0.002s (0.002s)	Loss 0.03356 (0.03560)
2023-11-17 17:15:48,482 Epoch: [3][190/200]	Time 0.263s (0.262s)	Speed 121.8 samples/s	Data 0.002s (0.002s)	Loss 0.02393 (0.03535)
2023-11-17 17:15:50,921 Test: [0/200]	Time 0.063 (0.063)	Loss 0.0998 (0.0998)
2023-11-17 17:15:51,154 Test: [10/200]	Time 0.022 (0.027)	Loss 0.0225 (0.0789)
2023-11-17 17:15:51,374 Test: [20/200]	Time 0.020 (0.025)	Loss 0.0521 (0.0847)
2023-11-17 17:15:51,604 Test: [30/200]	Time 0.023 (0.024)	Loss 0.1192 (0.0903)
2023-11-17 17:15:51,820 Test: [40/200]	Time 0.020 (0.023)	Loss 0.0842 (0.0939)
2023-11-17 17:15:52,077 Test: [50/200]	Time 0.020 (0.024)	Loss 0.1387 (0.0928)
2023-11-17 17:15:52,294 Test: [60/200]	Time 0.020 (0.024)	Loss 0.1120 (0.0949)
2023-11-17 17:15:52,513 Test: [70/200]	Time 0.021 (0.023)	Loss 0.0846 (0.0950)
2023-11-17 17:15:52,732 Test: [80/200]	Time 0.021 (0.023)	Loss 0.0980 (0.0929)
2023-11-17 17:15:52,952 Test: [90/200]	Time 0.022 (0.023)	Loss 0.1074 (0.0938)
2023-11-17 17:15:53,173 Test: [100/200]	Time 0.020 (0.023)	Loss 0.1321 (0.0934)
2023-11-17 17:15:53,392 Test: [110/200]	Time 0.022 (0.023)	Loss 0.1632 (0.0942)
2023-11-17 17:15:53,610 Test: [120/200]	Time 0.020 (0.023)	Loss 0.0934 (0.0926)
2023-11-17 17:15:53,828 Test: [130/200]	Time 0.022 (0.023)	Loss 0.0818 (0.0929)
2023-11-17 17:15:54,053 Test: [140/200]	Time 0.021 (0.023)	Loss 0.0863 (0.0925)
2023-11-17 17:15:54,272 Test: [150/200]	Time 0.021 (0.023)	Loss 0.0884 (0.0916)
2023-11-17 17:15:54,493 Test: [160/200]	Time 0.021 (0.023)	Loss 0.0912 (0.0914)
2023-11-17 17:15:54,714 Test: [170/200]	Time 0.021 (0.023)	Loss 0.0881 (0.0906)
2023-11-17 17:15:54,936 Test: [180/200]	Time 0.021 (0.023)	Loss 0.0670 (0.0901)
2023-11-17 17:15:55,194 Test: [190/200]	Time 0.023 (0.023)	Loss 0.0531 (0.0902)
2023-11-17 17:15:56,226 Mean IoU score: 0.802
2023-11-17 17:15:56,227 => saving checkpoint to out
2023-11-17 17:15:56,694 Epoch: [4][0/200]	Time 0.417s (0.417s)	Speed 76.8 samples/s	Data 0.068s (0.068s)	Loss 0.03212 (0.03212)
2023-11-17 17:15:59,237 Epoch: [4][10/200]	Time 0.264s (0.269s)	Speed 121.4 samples/s	Data 0.002s (0.008s)	Loss 0.02597 (0.02900)
2023-11-17 17:16:01,909 Epoch: [4][20/200]	Time 0.261s (0.268s)	Speed 122.4 samples/s	Data 0.002s (0.005s)	Loss 0.02371 (0.02756)
2023-11-17 17:16:04,533 Epoch: [4][30/200]	Time 0.257s (0.266s)	Speed 124.4 samples/s	Data 0.002s (0.004s)	Loss 0.02466 (0.02754)
2023-11-17 17:16:07,139 Epoch: [4][40/200]	Time 0.259s (0.265s)	Speed 123.8 samples/s	Data 0.002s (0.003s)	Loss 0.02426 (0.02770)
2023-11-17 17:16:09,786 Epoch: [4][50/200]	Time 0.261s (0.265s)	Speed 122.8 samples/s	Data 0.002s (0.003s)	Loss 0.02386 (0.02731)
2023-11-17 17:16:12,407 Epoch: [4][60/200]	Time 0.263s (0.264s)	Speed 121.6 samples/s	Data 0.002s (0.003s)	Loss 0.02020 (0.02676)
2023-11-17 17:16:15,025 Epoch: [4][70/200]	Time 0.262s (0.264s)	Speed 122.2 samples/s	Data 0.002s (0.003s)	Loss 0.02497 (0.02665)
2023-11-17 17:16:17,661 Epoch: [4][80/200]	Time 0.259s (0.264s)	Speed 123.7 samples/s	Data 0.002s (0.003s)	Loss 0.02447 (0.02637)
2023-11-17 17:16:20,285 Epoch: [4][90/200]	Time 0.264s (0.264s)	Speed 121.3 samples/s	Data 0.002s (0.002s)	Loss 0.02720 (0.02609)
2023-11-17 17:16:22,895 Epoch: [4][100/200]	Time 0.257s (0.264s)	Speed 124.7 samples/s	Data 0.002s (0.002s)	Loss 0.02434 (0.02599)
2023-11-17 17:16:25,556 Epoch: [4][110/200]	Time 0.266s (0.264s)	Speed 120.1 samples/s	Data 0.002s (0.002s)	Loss 0.02707 (0.02607)
2023-11-17 17:16:28,181 Epoch: [4][120/200]	Time 0.264s (0.264s)	Speed 121.3 samples/s	Data 0.002s (0.002s)	Loss 0.02703 (0.02600)
2023-11-17 17:16:30,825 Epoch: [4][130/200]	Time 0.259s (0.264s)	Speed 123.5 samples/s	Data 0.002s (0.002s)	Loss 0.02368 (0.02600)
2023-11-17 17:16:33,436 Epoch: [4][140/200]	Time 0.258s (0.264s)	Speed 123.9 samples/s	Data 0.002s (0.002s)	Loss 0.02376 (0.02605)
2023-11-17 17:16:36,045 Epoch: [4][150/200]	Time 0.257s (0.263s)	Speed 124.5 samples/s	Data 0.002s (0.002s)	Loss 0.02237 (0.02603)
2023-11-17 17:16:38,682 Epoch: [4][160/200]	Time 0.264s (0.263s)	Speed 121.2 samples/s	Data 0.002s (0.002s)	Loss 0.02091 (0.02580)
2023-11-17 17:16:41,296 Epoch: [4][170/200]	Time 0.264s (0.263s)	Speed 121.0 samples/s	Data 0.002s (0.002s)	Loss 0.02093 (0.02573)
2023-11-17 17:16:43,911 Epoch: [4][180/200]	Time 0.261s (0.263s)	Speed 122.7 samples/s	Data 0.002s (0.002s)	Loss 0.03270 (0.02569)
2023-11-17 17:16:46,548 Epoch: [4][190/200]	Time 0.266s (0.263s)	Speed 120.3 samples/s	Data 0.002s (0.002s)	Loss 0.02542 (0.02555)
2023-11-17 17:16:49,008 Test: [0/200]	Time 0.058 (0.058)	Loss 0.0877 (0.0877)
2023-11-17 17:16:49,238 Test: [10/200]	Time 0.021 (0.026)	Loss 0.0332 (0.0696)
2023-11-17 17:16:49,459 Test: [20/200]	Time 0.020 (0.024)	Loss 0.0538 (0.0715)
2023-11-17 17:16:49,676 Test: [30/200]	Time 0.021 (0.023)	Loss 0.0926 (0.0766)
2023-11-17 17:16:49,901 Test: [40/200]	Time 0.021 (0.023)	Loss 0.0572 (0.0794)
2023-11-17 17:16:50,121 Test: [50/200]	Time 0.021 (0.023)	Loss 0.1091 (0.0790)
2023-11-17 17:16:50,346 Test: [60/200]	Time 0.020 (0.023)	Loss 0.1082 (0.0807)
2023-11-17 17:16:50,564 Test: [70/200]	Time 0.020 (0.023)	Loss 0.0697 (0.0801)
2023-11-17 17:16:50,787 Test: [80/200]	Time 0.021 (0.023)	Loss 0.0781 (0.0790)
2023-11-17 17:16:51,002 Test: [90/200]	Time 0.021 (0.023)	Loss 0.1087 (0.0801)
2023-11-17 17:16:51,226 Test: [100/200]	Time 0.021 (0.023)	Loss 0.1455 (0.0797)
2023-11-17 17:16:51,444 Test: [110/200]	Time 0.021 (0.022)	Loss 0.1548 (0.0808)
2023-11-17 17:16:51,665 Test: [120/200]	Time 0.021 (0.022)	Loss 0.0880 (0.0791)
2023-11-17 17:16:51,884 Test: [130/200]	Time 0.021 (0.022)	Loss 0.0629 (0.0794)
2023-11-17 17:16:52,107 Test: [140/200]	Time 0.020 (0.022)	Loss 0.0711 (0.0788)
2023-11-17 17:16:52,324 Test: [150/200]	Time 0.021 (0.022)	Loss 0.0700 (0.0778)
2023-11-17 17:16:52,546 Test: [160/200]	Time 0.021 (0.022)	Loss 0.0859 (0.0777)
2023-11-17 17:16:52,760 Test: [170/200]	Time 0.021 (0.022)	Loss 0.0602 (0.0770)
2023-11-17 17:16:52,985 Test: [180/200]	Time 0.021 (0.022)	Loss 0.0507 (0.0765)
2023-11-17 17:16:53,200 Test: [190/200]	Time 0.023 (0.022)	Loss 0.0373 (0.0767)
2023-11-17 17:16:54,228 Mean IoU score: 0.819
2023-11-17 17:16:54,228 => saving checkpoint to out
2023-11-17 17:16:54,675 Epoch: [5][0/200]	Time 0.406s (0.406s)	Speed 78.9 samples/s	Data 0.068s (0.068s)	Loss 0.01718 (0.01718)
2023-11-17 17:16:57,215 Epoch: [5][10/200]	Time 0.265s (0.268s)	Speed 120.9 samples/s	Data 0.002s (0.008s)	Loss 0.01736 (0.02070)
2023-11-17 17:16:59,824 Epoch: [5][20/200]	Time 0.258s (0.265s)	Speed 124.1 samples/s	Data 0.002s (0.005s)	Loss 0.02411 (0.02145)
2023-11-17 17:17:02,463 Epoch: [5][30/200]	Time 0.263s (0.264s)	Speed 121.8 samples/s	Data 0.002s (0.004s)	Loss 0.02709 (0.02125)
2023-11-17 17:17:05,105 Epoch: [5][40/200]	Time 0.262s (0.264s)	Speed 122.0 samples/s	Data 0.002s (0.003s)	Loss 0.01958 (0.02110)
2023-11-17 17:17:07,725 Epoch: [5][50/200]	Time 0.259s (0.264s)	Speed 123.5 samples/s	Data 0.002s (0.003s)	Loss 0.02132 (0.02094)
2023-11-17 17:17:10,318 Epoch: [5][60/200]	Time 0.261s (0.263s)	Speed 122.6 samples/s	Data 0.002s (0.003s)	Loss 0.01522 (0.02052)
2023-11-17 17:17:12,922 Epoch: [5][70/200]	Time 0.256s (0.263s)	Speed 124.9 samples/s	Data 0.002s (0.003s)	Loss 0.01887 (0.02033)
2023-11-17 17:17:15,517 Epoch: [5][80/200]	Time 0.259s (0.262s)	Speed 123.4 samples/s	Data 0.002s (0.003s)	Loss 0.01921 (0.02014)
2023-11-17 17:17:18,120 Epoch: [5][90/200]	Time 0.256s (0.262s)	Speed 124.9 samples/s	Data 0.002s (0.002s)	Loss 0.01398 (0.02009)
2023-11-17 17:17:20,858 Epoch: [5][100/200]	Time 0.256s (0.263s)	Speed 125.2 samples/s	Data 0.002s (0.002s)	Loss 0.02225 (0.01998)
2023-11-17 17:17:23,842 Epoch: [5][110/200]	Time 0.279s (0.266s)	Speed 114.6 samples/s	Data 0.002s (0.002s)	Loss 0.02208 (0.01995)
2023-11-17 17:17:26,833 Epoch: [5][120/200]	Time 0.272s (0.269s)	Speed 117.6 samples/s	Data 0.002s (0.002s)	Loss 0.01705 (0.01978)
2023-11-17 17:17:29,821 Epoch: [5][130/200]	Time 0.306s (0.271s)	Speed 104.6 samples/s	Data 0.002s (0.002s)	Loss 0.02326 (0.01986)
2023-11-17 17:17:32,582 Epoch: [5][140/200]	Time 0.271s (0.272s)	Speed 117.9 samples/s	Data 0.002s (0.002s)	Loss 0.02183 (0.01984)
2023-11-17 17:17:35,364 Epoch: [5][150/200]	Time 0.279s (0.272s)	Speed 114.9 samples/s	Data 0.002s (0.002s)	Loss 0.02306 (0.01977)
2023-11-17 17:17:38,176 Epoch: [5][160/200]	Time 0.284s (0.273s)	Speed 112.7 samples/s	Data 0.002s (0.002s)	Loss 0.02118 (0.01964)
2023-11-17 17:17:40,899 Epoch: [5][170/200]	Time 0.261s (0.273s)	Speed 122.6 samples/s	Data 0.002s (0.002s)	Loss 0.01828 (0.01957)
2023-11-17 17:17:43,522 Epoch: [5][180/200]	Time 0.257s (0.272s)	Speed 124.7 samples/s	Data 0.002s (0.002s)	Loss 0.01863 (0.01961)
2023-11-17 17:17:46,145 Epoch: [5][190/200]	Time 0.263s (0.272s)	Speed 121.7 samples/s	Data 0.002s (0.002s)	Loss 0.01745 (0.01966)
2023-11-17 17:17:48,613 Test: [0/200]	Time 0.072 (0.072)	Loss 0.1056 (0.1056)
2023-11-17 17:17:48,839 Test: [10/200]	Time 0.020 (0.027)	Loss 0.0225 (0.0698)
2023-11-17 17:17:49,063 Test: [20/200]	Time 0.021 (0.025)	Loss 0.0526 (0.0752)
2023-11-17 17:17:49,283 Test: [30/200]	Time 0.021 (0.024)	Loss 0.0978 (0.0839)
2023-11-17 17:17:49,498 Test: [40/200]	Time 0.020 (0.023)	Loss 0.0647 (0.0860)
2023-11-17 17:17:49,712 Test: [50/200]	Time 0.021 (0.023)	Loss 0.1323 (0.0861)
2023-11-17 17:17:49,931 Test: [60/200]	Time 0.022 (0.023)	Loss 0.1051 (0.0875)
2023-11-17 17:17:50,147 Test: [70/200]	Time 0.020 (0.023)	Loss 0.0765 (0.0875)
2023-11-17 17:17:50,368 Test: [80/200]	Time 0.021 (0.023)	Loss 0.1141 (0.0856)
2023-11-17 17:17:50,588 Test: [90/200]	Time 0.021 (0.022)	Loss 0.1066 (0.0876)
2023-11-17 17:17:50,804 Test: [100/200]	Time 0.022 (0.022)	Loss 0.1460 (0.0873)
2023-11-17 17:17:51,031 Test: [110/200]	Time 0.022 (0.022)	Loss 0.1529 (0.0881)
2023-11-17 17:17:51,242 Test: [120/200]	Time 0.020 (0.022)	Loss 0.0931 (0.0861)
2023-11-17 17:17:51,459 Test: [130/200]	Time 0.021 (0.022)	Loss 0.0680 (0.0869)
2023-11-17 17:17:51,678 Test: [140/200]	Time 0.020 (0.022)	Loss 0.1110 (0.0866)
2023-11-17 17:17:51,898 Test: [150/200]	Time 0.022 (0.022)	Loss 0.0620 (0.0854)
2023-11-17 17:17:52,127 Test: [160/200]	Time 0.021 (0.022)	Loss 0.0955 (0.0855)
2023-11-17 17:17:52,339 Test: [170/200]	Time 0.020 (0.022)	Loss 0.0943 (0.0845)
2023-11-17 17:17:52,558 Test: [180/200]	Time 0.021 (0.022)	Loss 0.0692 (0.0838)
2023-11-17 17:17:52,774 Test: [190/200]	Time 0.021 (0.022)	Loss 0.0371 (0.0837)
2023-11-17 17:17:53,792 Mean IoU score: 0.801
2023-11-17 17:17:53,793 => saving checkpoint to out
2023-11-17 17:17:54,248 Epoch: [6][0/200]	Time 0.419s (0.419s)	Speed 76.4 samples/s	Data 0.080s (0.080s)	Loss 0.01766 (0.01766)
2023-11-17 17:17:56,767 Epoch: [6][10/200]	Time 0.265s (0.267s)	Speed 120.8 samples/s	Data 0.002s (0.009s)	Loss 0.02145 (0.01703)
2023-11-17 17:17:59,390 Epoch: [6][20/200]	Time 0.260s (0.265s)	Speed 123.0 samples/s	Data 0.002s (0.005s)	Loss 0.01606 (0.01777)
2023-11-17 17:18:02,017 Epoch: [6][30/200]	Time 0.266s (0.264s)	Speed 120.4 samples/s	Data 0.002s (0.004s)	Loss 0.01682 (0.01772)
2023-11-17 17:18:04,628 Epoch: [6][40/200]	Time 0.255s (0.263s)	Speed 125.4 samples/s	Data 0.002s (0.004s)	Loss 0.01686 (0.01754)
2023-11-17 17:18:07,253 Epoch: [6][50/200]	Time 0.259s (0.263s)	Speed 123.6 samples/s	Data 0.002s (0.003s)	Loss 0.01655 (0.01741)
2023-11-17 17:18:09,864 Epoch: [6][60/200]	Time 0.259s (0.263s)	Speed 123.4 samples/s	Data 0.002s (0.003s)	Loss 0.01311 (0.01711)
2023-11-17 17:18:12,494 Epoch: [6][70/200]	Time 0.263s (0.263s)	Speed 121.5 samples/s	Data 0.002s (0.003s)	Loss 0.01405 (0.01680)
2023-11-17 17:18:15,108 Epoch: [6][80/200]	Time 0.259s (0.263s)	Speed 123.4 samples/s	Data 0.002s (0.003s)	Loss 0.01445 (0.01669)
2023-11-17 17:18:17,721 Epoch: [6][90/200]	Time 0.263s (0.263s)	Speed 121.7 samples/s	Data 0.002s (0.003s)	Loss 0.01693 (0.01655)
2023-11-17 17:18:20,344 Epoch: [6][100/200]	Time 0.264s (0.263s)	Speed 121.1 samples/s	Data 0.002s (0.002s)	Loss 0.01615 (0.01650)
2023-11-17 17:18:22,942 Epoch: [6][110/200]	Time 0.261s (0.262s)	Speed 122.7 samples/s	Data 0.002s (0.002s)	Loss 0.01315 (0.01638)
2023-11-17 17:18:25,563 Epoch: [6][120/200]	Time 0.256s (0.262s)	Speed 125.1 samples/s	Data 0.001s (0.002s)	Loss 0.01646 (0.01632)
2023-11-17 17:18:28,153 Epoch: [6][130/200]	Time 0.260s (0.262s)	Speed 123.0 samples/s	Data 0.002s (0.002s)	Loss 0.01167 (0.01620)
2023-11-17 17:18:30,820 Epoch: [6][140/200]	Time 0.293s (0.262s)	Speed 109.1 samples/s	Data 0.002s (0.002s)	Loss 0.01432 (0.01612)
2023-11-17 17:18:33,760 Epoch: [6][150/200]	Time 0.329s (0.264s)	Speed 97.3 samples/s	Data 0.002s (0.002s)	Loss 0.01486 (0.01605)
2023-11-17 17:18:36,424 Epoch: [6][160/200]	Time 0.284s (0.265s)	Speed 112.6 samples/s	Data 0.002s (0.002s)	Loss 0.01943 (0.01608)
2023-11-17 17:18:39,184 Epoch: [6][170/200]	Time 0.295s (0.265s)	Speed 108.6 samples/s	Data 0.002s (0.002s)	Loss 0.01568 (0.01600)
2023-11-17 17:18:41,879 Epoch: [6][180/200]	Time 0.269s (0.265s)	Speed 119.0 samples/s	Data 0.002s (0.002s)	Loss 0.01078 (0.01600)
2023-11-17 17:18:44,601 Epoch: [6][190/200]	Time 0.255s (0.266s)	Speed 125.5 samples/s	Data 0.002s (0.002s)	Loss 0.01581 (0.01596)
2023-11-17 17:18:47,060 Test: [0/200]	Time 0.076 (0.076)	Loss 0.0755 (0.0755)
2023-11-17 17:18:47,320 Test: [10/200]	Time 0.022 (0.031)	Loss 0.0145 (0.0544)
2023-11-17 17:18:47,532 Test: [20/200]	Time 0.020 (0.026)	Loss 0.0286 (0.0572)
2023-11-17 17:18:47,745 Test: [30/200]	Time 0.021 (0.025)	Loss 0.0723 (0.0616)
2023-11-17 17:18:47,964 Test: [40/200]	Time 0.021 (0.024)	Loss 0.0502 (0.0641)
2023-11-17 17:18:48,177 Test: [50/200]	Time 0.020 (0.023)	Loss 0.0974 (0.0632)
2023-11-17 17:18:48,396 Test: [60/200]	Time 0.021 (0.023)	Loss 0.0943 (0.0650)
2023-11-17 17:18:48,614 Test: [70/200]	Time 0.021 (0.023)	Loss 0.0504 (0.0640)
2023-11-17 17:18:48,828 Test: [80/200]	Time 0.021 (0.023)	Loss 0.0640 (0.0627)
2023-11-17 17:18:49,044 Test: [90/200]	Time 0.021 (0.023)	Loss 0.0762 (0.0639)
2023-11-17 17:18:49,258 Test: [100/200]	Time 0.021 (0.023)	Loss 0.0861 (0.0634)
2023-11-17 17:18:49,475 Test: [110/200]	Time 0.020 (0.022)	Loss 0.1469 (0.0641)
2023-11-17 17:18:49,687 Test: [120/200]	Time 0.021 (0.022)	Loss 0.0612 (0.0628)
2023-11-17 17:18:49,905 Test: [130/200]	Time 0.021 (0.022)	Loss 0.0559 (0.0633)
2023-11-17 17:18:50,117 Test: [140/200]	Time 0.020 (0.022)	Loss 0.0571 (0.0629)
2023-11-17 17:18:50,343 Test: [150/200]	Time 0.020 (0.022)	Loss 0.0533 (0.0621)
2023-11-17 17:18:50,551 Test: [160/200]	Time 0.020 (0.022)	Loss 0.0671 (0.0623)
2023-11-17 17:18:50,767 Test: [170/200]	Time 0.021 (0.022)	Loss 0.0609 (0.0617)
2023-11-17 17:18:50,989 Test: [180/200]	Time 0.020 (0.022)	Loss 0.0418 (0.0614)
2023-11-17 17:18:51,201 Test: [190/200]	Time 0.021 (0.022)	Loss 0.0300 (0.0614)
2023-11-17 17:18:52,229 Mean IoU score: 0.852
2023-11-17 17:18:52,229 => saving checkpoint to out
2023-11-17 17:18:52,710 Epoch: [7][0/200]	Time 0.433s (0.433s)	Speed 73.9 samples/s	Data 0.087s (0.087s)	Loss 0.01423 (0.01423)
2023-11-17 17:18:55,215 Epoch: [7][10/200]	Time 0.257s (0.267s)	Speed 124.3 samples/s	Data 0.002s (0.009s)	Loss 0.01311 (0.01460)
2023-11-17 17:18:57,968 Epoch: [7][20/200]	Time 0.295s (0.271s)	Speed 108.3 samples/s	Data 0.002s (0.006s)	Loss 0.01668 (0.01448)
2023-11-17 17:19:00,627 Epoch: [7][30/200]	Time 0.279s (0.269s)	Speed 114.9 samples/s	Data 0.002s (0.004s)	Loss 0.01546 (0.01417)
2023-11-17 17:19:03,333 Epoch: [7][40/200]	Time 0.262s (0.270s)	Speed 122.0 samples/s	Data 0.002s (0.004s)	Loss 0.01134 (0.01415)
2023-11-17 17:19:05,961 Epoch: [7][50/200]	Time 0.266s (0.268s)	Speed 120.5 samples/s	Data 0.002s (0.003s)	Loss 0.01376 (0.01400)
2023-11-17 17:19:08,570 Epoch: [7][60/200]	Time 0.260s (0.267s)	Speed 123.1 samples/s	Data 0.002s (0.003s)	Loss 0.01268 (0.01393)
2023-11-17 17:19:11,183 Epoch: [7][70/200]	Time 0.256s (0.266s)	Speed 125.1 samples/s	Data 0.002s (0.003s)	Loss 0.01149 (0.01375)
2023-11-17 17:19:13,902 Epoch: [7][80/200]	Time 0.257s (0.267s)	Speed 124.4 samples/s	Data 0.002s (0.003s)	Loss 0.01089 (0.01373)
2023-11-17 17:19:16,603 Epoch: [7][90/200]	Time 0.268s (0.267s)	Speed 119.5 samples/s	Data 0.002s (0.003s)	Loss 0.01458 (0.01355)
2023-11-17 17:19:19,382 Epoch: [7][100/200]	Time 0.289s (0.268s)	Speed 110.7 samples/s	Data 0.002s (0.003s)	Loss 0.01584 (0.01362)
2023-11-17 17:19:22,122 Epoch: [7][110/200]	Time 0.266s (0.269s)	Speed 120.5 samples/s	Data 0.002s (0.002s)	Loss 0.00946 (0.01356)
2023-11-17 17:19:24,749 Epoch: [7][120/200]	Time 0.265s (0.268s)	Speed 120.9 samples/s	Data 0.002s (0.002s)	Loss 0.01318 (0.01363)
2023-11-17 17:19:27,358 Epoch: [7][130/200]	Time 0.263s (0.268s)	Speed 121.7 samples/s	Data 0.002s (0.002s)	Loss 0.01213 (0.01360)
2023-11-17 17:19:29,945 Epoch: [7][140/200]	Time 0.261s (0.267s)	Speed 122.7 samples/s	Data 0.002s (0.002s)	Loss 0.01631 (0.01352)
2023-11-17 17:19:32,573 Epoch: [7][150/200]	Time 0.256s (0.267s)	Speed 124.9 samples/s	Data 0.002s (0.002s)	Loss 0.01102 (0.01346)
2023-11-17 17:19:35,170 Epoch: [7][160/200]	Time 0.261s (0.266s)	Speed 122.7 samples/s	Data 0.002s (0.002s)	Loss 0.01520 (0.01340)
2023-11-17 17:19:37,787 Epoch: [7][170/200]	Time 0.259s (0.266s)	Speed 123.4 samples/s	Data 0.002s (0.002s)	Loss 0.01381 (0.01340)
2023-11-17 17:19:40,402 Epoch: [7][180/200]	Time 0.260s (0.266s)	Speed 122.9 samples/s	Data 0.002s (0.002s)	Loss 0.01247 (0.01339)
2023-11-17 17:19:43,012 Epoch: [7][190/200]	Time 0.260s (0.266s)	Speed 123.2 samples/s	Data 0.002s (0.002s)	Loss 0.01224 (0.01341)
2023-11-17 17:19:45,609 Test: [0/200]	Time 0.072 (0.072)	Loss 0.0724 (0.0724)
2023-11-17 17:19:45,834 Test: [10/200]	Time 0.020 (0.027)	Loss 0.0197 (0.0557)
2023-11-17 17:19:46,050 Test: [20/200]	Time 0.021 (0.024)	Loss 0.0253 (0.0547)
2023-11-17 17:19:46,291 Test: [30/200]	Time 0.026 (0.024)	Loss 0.0850 (0.0597)
2023-11-17 17:19:46,561 Test: [40/200]	Time 0.023 (0.025)	Loss 0.0454 (0.0616)
2023-11-17 17:19:46,805 Test: [50/200]	Time 0.023 (0.025)	Loss 0.0895 (0.0605)
2023-11-17 17:19:47,044 Test: [60/200]	Time 0.022 (0.025)	Loss 0.0925 (0.0630)
2023-11-17 17:19:47,268 Test: [70/200]	Time 0.021 (0.024)	Loss 0.0469 (0.0621)
2023-11-17 17:19:47,483 Test: [80/200]	Time 0.020 (0.024)	Loss 0.0653 (0.0605)
2023-11-17 17:19:47,699 Test: [90/200]	Time 0.021 (0.024)	Loss 0.0792 (0.0614)
2023-11-17 17:19:47,915 Test: [100/200]	Time 0.021 (0.024)	Loss 0.1113 (0.0615)
2023-11-17 17:19:48,145 Test: [110/200]	Time 0.022 (0.023)	Loss 0.1619 (0.0625)
2023-11-17 17:19:48,397 Test: [120/200]	Time 0.033 (0.024)	Loss 0.0655 (0.0611)
2023-11-17 17:19:48,640 Test: [130/200]	Time 0.023 (0.024)	Loss 0.0507 (0.0615)
2023-11-17 17:19:48,879 Test: [140/200]	Time 0.022 (0.024)	Loss 0.0620 (0.0611)
2023-11-17 17:19:49,113 Test: [150/200]	Time 0.021 (0.024)	Loss 0.0580 (0.0603)
2023-11-17 17:19:49,324 Test: [160/200]	Time 0.020 (0.024)	Loss 0.0708 (0.0604)
2023-11-17 17:19:49,542 Test: [170/200]	Time 0.021 (0.023)	Loss 0.0632 (0.0598)
2023-11-17 17:19:49,756 Test: [180/200]	Time 0.020 (0.023)	Loss 0.0307 (0.0594)
2023-11-17 17:19:49,975 Test: [190/200]	Time 0.021 (0.023)	Loss 0.0266 (0.0593)
2023-11-17 17:19:51,094 Mean IoU score: 0.856
2023-11-17 17:19:51,095 => saving checkpoint to out
2023-11-17 17:19:51,541 Epoch: [8][0/200]	Time 0.399s (0.399s)	Speed 80.1 samples/s	Data 0.075s (0.075s)	Loss 0.01173 (0.01173)
2023-11-17 17:19:54,123 Epoch: [8][10/200]	Time 0.269s (0.271s)	Speed 118.8 samples/s	Data 0.002s (0.008s)	Loss 0.01019 (0.01165)
2023-11-17 17:19:56,875 Epoch: [8][20/200]	Time 0.266s (0.273s)	Speed 120.2 samples/s	Data 0.002s (0.005s)	Loss 0.01165 (0.01206)
2023-11-17 17:19:59,615 Epoch: [8][30/200]	Time 0.261s (0.273s)	Speed 122.8 samples/s	Data 0.002s (0.004s)	Loss 0.01174 (0.01207)
2023-11-17 17:20:02,286 Epoch: [8][40/200]	Time 0.285s (0.272s)	Speed 112.1 samples/s	Data 0.002s (0.003s)	Loss 0.00930 (0.01195)
2023-11-17 17:20:05,114 Epoch: [8][50/200]	Time 0.271s (0.274s)	Speed 118.1 samples/s	Data 0.002s (0.003s)	Loss 0.01246 (0.01205)
2023-11-17 17:20:08,203 Epoch: [8][60/200]	Time 0.276s (0.280s)	Speed 116.1 samples/s	Data 0.002s (0.003s)	Loss 0.01314 (0.01199)
2023-11-17 17:20:11,757 Epoch: [8][70/200]	Time 0.375s (0.290s)	Speed 85.4 samples/s	Data 0.002s (0.003s)	Loss 0.01175 (0.01189)
2023-11-17 17:20:18,182 Epoch: [8][80/200]	Time 0.579s (0.334s)	Speed 55.3 samples/s	Data 0.012s (0.003s)	Loss 0.00844 (0.01180)
2023-11-17 17:20:25,158 Epoch: [8][90/200]	Time 0.540s (0.374s)	Speed 59.3 samples/s	Data 0.002s (0.003s)	Loss 0.00919 (0.01168)
2023-11-17 17:20:29,625 Epoch: [8][100/200]	Time 0.643s (0.381s)	Speed 49.8 samples/s	Data 0.010s (0.003s)	Loss 0.01176 (0.01171)
2023-11-17 17:20:33,857 Epoch: [8][110/200]	Time 0.360s (0.385s)	Speed 88.9 samples/s	Data 0.004s (0.003s)	Loss 0.01310 (0.01170)
2023-11-17 17:20:37,239 Epoch: [8][120/200]	Time 0.273s (0.381s)	Speed 117.2 samples/s	Data 0.002s (0.003s)	Loss 0.01160 (0.01176)
2023-11-17 17:20:40,528 Epoch: [8][130/200]	Time 0.288s (0.377s)	Speed 111.0 samples/s	Data 0.002s (0.003s)	Loss 0.00843 (0.01174)
2023-11-17 17:20:43,608 Epoch: [8][140/200]	Time 0.325s (0.372s)	Speed 98.4 samples/s	Data 0.002s (0.003s)	Loss 0.01367 (0.01175)
2023-11-17 17:20:46,476 Epoch: [8][150/200]	Time 0.284s (0.366s)	Speed 112.7 samples/s	Data 0.002s (0.003s)	Loss 0.01021 (0.01169)
2023-11-17 17:20:49,398 Epoch: [8][160/200]	Time 0.268s (0.362s)	Speed 119.5 samples/s	Data 0.002s (0.003s)	Loss 0.01220 (0.01171)
2023-11-17 17:20:53,125 Epoch: [8][170/200]	Time 0.483s (0.362s)	Speed 66.2 samples/s	Data 0.002s (0.003s)	Loss 0.01156 (0.01173)
2023-11-17 17:20:57,484 Epoch: [8][180/200]	Time 0.454s (0.367s)	Speed 70.5 samples/s	Data 0.002s (0.003s)	Loss 0.01283 (0.01172)
2023-11-17 17:21:00,819 Epoch: [8][190/200]	Time 0.277s (0.365s)	Speed 115.4 samples/s	Data 0.002s (0.003s)	Loss 0.01248 (0.01167)
2023-11-17 17:21:03,992 Test: [0/200]	Time 0.074 (0.074)	Loss 0.0707 (0.0707)
2023-11-17 17:21:04,269 Test: [10/200]	Time 0.023 (0.032)	Loss 0.0211 (0.0527)
2023-11-17 17:21:04,517 Test: [20/200]	Time 0.030 (0.029)	Loss 0.0245 (0.0519)
2023-11-17 17:21:04,782 Test: [30/200]	Time 0.027 (0.028)	Loss 0.0792 (0.0573)
2023-11-17 17:21:05,171 Test: [40/200]	Time 0.040 (0.031)	Loss 0.0411 (0.0598)
2023-11-17 17:21:05,542 Test: [50/200]	Time 0.032 (0.032)	Loss 0.0800 (0.0587)
2023-11-17 17:21:05,792 Test: [60/200]	Time 0.026 (0.031)	Loss 0.0787 (0.0609)
2023-11-17 17:21:06,063 Test: [70/200]	Time 0.033 (0.030)	Loss 0.0419 (0.0604)
2023-11-17 17:21:06,441 Test: [80/200]	Time 0.036 (0.031)	Loss 0.0636 (0.0587)
2023-11-17 17:21:06,830 Test: [90/200]	Time 0.035 (0.032)	Loss 0.0845 (0.0597)
2023-11-17 17:21:07,183 Test: [100/200]	Time 0.029 (0.032)	Loss 0.0920 (0.0593)
2023-11-17 17:21:07,630 Test: [110/200]	Time 0.035 (0.033)	Loss 0.1642 (0.0603)
2023-11-17 17:21:07,991 Test: [120/200]	Time 0.035 (0.034)	Loss 0.0673 (0.0592)
2023-11-17 17:21:08,314 Test: [130/200]	Time 0.022 (0.034)	Loss 0.0512 (0.0599)
2023-11-17 17:21:08,562 Test: [140/200]	Time 0.029 (0.033)	Loss 0.0586 (0.0596)
2023-11-17 17:21:08,899 Test: [150/200]	Time 0.027 (0.033)	Loss 0.0659 (0.0589)
2023-11-17 17:21:09,190 Test: [160/200]	Time 0.031 (0.033)	Loss 0.0688 (0.0591)
2023-11-17 17:21:09,519 Test: [170/200]	Time 0.035 (0.033)	Loss 0.0638 (0.0586)
2023-11-17 17:21:09,900 Test: [180/200]	Time 0.040 (0.033)	Loss 0.0370 (0.0582)
2023-11-17 17:21:10,279 Test: [190/200]	Time 0.039 (0.033)	Loss 0.0241 (0.0582)
2023-11-17 17:21:11,676 Mean IoU score: 0.858
2023-11-17 17:21:11,677 => saving checkpoint to out
2023-11-17 17:21:12,214 Epoch: [9][0/200]	Time 0.484s (0.484s)	Speed 66.1 samples/s	Data 0.068s (0.068s)	Loss 0.01128 (0.01128)
2023-11-17 17:21:16,054 Epoch: [9][10/200]	Time 0.315s (0.393s)	Speed 101.7 samples/s	Data 0.002s (0.008s)	Loss 0.01042 (0.01049)
2023-11-17 17:21:19,099 Epoch: [9][20/200]	Time 0.285s (0.351s)	Speed 112.3 samples/s	Data 0.002s (0.005s)	Loss 0.01517 (0.01094)
2023-11-17 17:21:22,108 Epoch: [9][30/200]	Time 0.271s (0.335s)	Speed 118.0 samples/s	Data 0.002s (0.004s)	Loss 0.00965 (0.01106)
2023-11-17 17:21:24,798 Epoch: [9][40/200]	Time 0.262s (0.319s)	Speed 122.1 samples/s	Data 0.002s (0.003s)	Loss 0.01051 (0.01110)
2023-11-17 17:21:27,493 Epoch: [9][50/200]	Time 0.263s (0.309s)	Speed 121.8 samples/s	Data 0.002s (0.003s)	Loss 0.00741 (0.01094)
2023-11-17 17:21:30,167 Epoch: [9][60/200]	Time 0.269s (0.302s)	Speed 119.0 samples/s	Data 0.002s (0.003s)	Loss 0.01157 (0.01078)
2023-11-17 17:21:32,803 Epoch: [9][70/200]	Time 0.258s (0.297s)	Speed 124.1 samples/s	Data 0.002s (0.003s)	Loss 0.00997 (0.01078)
2023-11-17 17:21:35,459 Epoch: [9][80/200]	Time 0.260s (0.293s)	Speed 123.1 samples/s	Data 0.002s (0.003s)	Loss 0.00829 (0.01083)
2023-11-17 17:21:38,175 Epoch: [9][90/200]	Time 0.327s (0.291s)	Speed 97.7 samples/s	Data 0.002s (0.002s)	Loss 0.01144 (0.01077)
2023-11-17 17:21:40,835 Epoch: [9][100/200]	Time 0.258s (0.288s)	Speed 124.2 samples/s	Data 0.002s (0.002s)	Loss 0.01597 (0.01081)
2023-11-17 17:21:43,544 Epoch: [9][110/200]	Time 0.264s (0.287s)	Speed 121.2 samples/s	Data 0.002s (0.002s)	Loss 0.01148 (0.01078)
2023-11-17 17:21:46,213 Epoch: [9][120/200]	Time 0.269s (0.285s)	Speed 119.0 samples/s	Data 0.002s (0.002s)	Loss 0.00996 (0.01071)
2023-11-17 17:21:48,857 Epoch: [9][130/200]	Time 0.258s (0.283s)	Speed 124.0 samples/s	Data 0.002s (0.002s)	Loss 0.00821 (0.01076)
2023-11-17 17:21:51,515 Epoch: [9][140/200]	Time 0.270s (0.282s)	Speed 118.5 samples/s	Data 0.002s (0.002s)	Loss 0.01119 (0.01075)
2023-11-17 17:21:54,190 Epoch: [9][150/200]	Time 0.278s (0.281s)	Speed 115.0 samples/s	Data 0.002s (0.002s)	Loss 0.00876 (0.01072)
2023-11-17 17:21:56,823 Epoch: [9][160/200]	Time 0.261s (0.280s)	Speed 122.5 samples/s	Data 0.002s (0.002s)	Loss 0.01146 (0.01072)
2023-11-17 17:21:59,465 Epoch: [9][170/200]	Time 0.274s (0.279s)	Speed 117.0 samples/s	Data 0.002s (0.002s)	Loss 0.01047 (0.01067)
2023-11-17 17:22:02,159 Epoch: [9][180/200]	Time 0.267s (0.279s)	Speed 120.0 samples/s	Data 0.002s (0.002s)	Loss 0.00978 (0.01065)
2023-11-17 17:22:04,808 Epoch: [9][190/200]	Time 0.263s (0.278s)	Speed 121.8 samples/s	Data 0.002s (0.002s)	Loss 0.00811 (0.01062)
2023-11-17 17:22:07,275 Test: [0/200]	Time 0.064 (0.064)	Loss 0.0752 (0.0752)
2023-11-17 17:22:07,509 Test: [10/200]	Time 0.021 (0.027)	Loss 0.0187 (0.0495)
2023-11-17 17:22:07,729 Test: [20/200]	Time 0.020 (0.025)	Loss 0.0246 (0.0518)
2023-11-17 17:22:07,953 Test: [30/200]	Time 0.022 (0.024)	Loss 0.0643 (0.0570)
2023-11-17 17:22:08,176 Test: [40/200]	Time 0.020 (0.024)	Loss 0.0448 (0.0597)
2023-11-17 17:22:08,402 Test: [50/200]	Time 0.021 (0.023)	Loss 0.0978 (0.0585)
2023-11-17 17:22:08,627 Test: [60/200]	Time 0.021 (0.023)	Loss 0.0752 (0.0602)
2023-11-17 17:22:08,848 Test: [70/200]	Time 0.022 (0.023)	Loss 0.0415 (0.0596)
2023-11-17 17:22:09,080 Test: [80/200]	Time 0.022 (0.023)	Loss 0.0581 (0.0579)
2023-11-17 17:22:09,309 Test: [90/200]	Time 0.021 (0.023)	Loss 0.0699 (0.0589)
2023-11-17 17:22:09,534 Test: [100/200]	Time 0.021 (0.023)	Loss 0.0845 (0.0586)
2023-11-17 17:22:09,754 Test: [110/200]	Time 0.024 (0.023)	Loss 0.1453 (0.0596)
2023-11-17 17:22:09,984 Test: [120/200]	Time 0.023 (0.023)	Loss 0.0671 (0.0583)
2023-11-17 17:22:10,207 Test: [130/200]	Time 0.023 (0.023)	Loss 0.0510 (0.0588)
2023-11-17 17:22:10,439 Test: [140/200]	Time 0.024 (0.023)	Loss 0.0626 (0.0585)
2023-11-17 17:22:10,657 Test: [150/200]	Time 0.021 (0.023)	Loss 0.0540 (0.0577)
2023-11-17 17:22:10,905 Test: [160/200]	Time 0.027 (0.023)	Loss 0.0675 (0.0577)
2023-11-17 17:22:11,200 Test: [170/200]	Time 0.020 (0.023)	Loss 0.0511 (0.0573)
2023-11-17 17:22:11,430 Test: [180/200]	Time 0.021 (0.023)	Loss 0.0413 (0.0569)
2023-11-17 17:22:11,691 Test: [190/200]	Time 0.019 (0.023)	Loss 0.0235 (0.0571)
2023-11-17 17:22:12,704 Mean IoU score: 0.862
2023-11-17 17:22:12,705 => saving checkpoint to out
2023-11-17 17:22:13,164 Epoch: [10][0/200]	Time 0.419s (0.419s)	Speed 76.4 samples/s	Data 0.071s (0.071s)	Loss 0.00817 (0.00817)
2023-11-17 17:22:15,696 Epoch: [10][10/200]	Time 0.261s (0.268s)	Speed 122.5 samples/s	Data 0.002s (0.008s)	Loss 0.00777 (0.00935)
2023-11-17 17:22:18,372 Epoch: [10][20/200]	Time 0.266s (0.268s)	Speed 120.5 samples/s	Data 0.002s (0.005s)	Loss 0.00968 (0.00897)
2023-11-17 17:22:20,995 Epoch: [10][30/200]	Time 0.277s (0.266s)	Speed 115.4 samples/s	Data 0.002s (0.004s)	Loss 0.01036 (0.00929)
2023-11-17 17:22:23,665 Epoch: [10][40/200]	Time 0.265s (0.266s)	Speed 121.0 samples/s	Data 0.002s (0.003s)	Loss 0.00805 (0.00953)
2023-11-17 17:22:26,412 Epoch: [10][50/200]	Time 0.264s (0.268s)	Speed 121.4 samples/s	Data 0.002s (0.003s)	Loss 0.01312 (0.00956)
2023-11-17 17:22:29,096 Epoch: [10][60/200]	Time 0.295s (0.268s)	Speed 108.5 samples/s	Data 0.002s (0.003s)	Loss 0.01277 (0.00962)
2023-11-17 17:22:31,727 Epoch: [10][70/200]	Time 0.259s (0.267s)	Speed 123.7 samples/s	Data 0.002s (0.003s)	Loss 0.00836 (0.00965)
2023-11-17 17:22:34,476 Epoch: [10][80/200]	Time 0.270s (0.268s)	Speed 118.7 samples/s	Data 0.002s (0.003s)	Loss 0.01051 (0.00964)
2023-11-17 17:22:37,103 Epoch: [10][90/200]	Time 0.260s (0.268s)	Speed 123.0 samples/s	Data 0.002s (0.002s)	Loss 0.00771 (0.00961)
2023-11-17 17:22:39,741 Epoch: [10][100/200]	Time 0.260s (0.267s)	Speed 123.1 samples/s	Data 0.002s (0.002s)	Loss 0.00859 (0.00965)
2023-11-17 17:22:42,396 Epoch: [10][110/200]	Time 0.265s (0.267s)	Speed 120.8 samples/s	Data 0.002s (0.002s)	Loss 0.00806 (0.00965)
2023-11-17 17:22:45,078 Epoch: [10][120/200]	Time 0.270s (0.267s)	Speed 118.6 samples/s	Data 0.002s (0.002s)	Loss 0.01078 (0.00974)
2023-11-17 17:22:47,775 Epoch: [10][130/200]	Time 0.267s (0.267s)	Speed 120.0 samples/s	Data 0.002s (0.002s)	Loss 0.01027 (0.00979)
2023-11-17 17:22:50,429 Epoch: [10][140/200]	Time 0.270s (0.267s)	Speed 118.7 samples/s	Data 0.002s (0.002s)	Loss 0.01023 (0.00983)
2023-11-17 17:22:53,138 Epoch: [10][150/200]	Time 0.271s (0.268s)	Speed 118.2 samples/s	Data 0.002s (0.002s)	Loss 0.00982 (0.00982)
2023-11-17 17:22:55,756 Epoch: [10][160/200]	Time 0.270s (0.267s)	Speed 118.5 samples/s	Data 0.002s (0.002s)	Loss 0.00837 (0.00982)
2023-11-17 17:22:58,396 Epoch: [10][170/200]	Time 0.261s (0.267s)	Speed 122.4 samples/s	Data 0.002s (0.002s)	Loss 0.01169 (0.00985)
2023-11-17 17:23:01,069 Epoch: [10][180/200]	Time 0.274s (0.267s)	Speed 116.8 samples/s	Data 0.002s (0.002s)	Loss 0.00935 (0.00982)
2023-11-17 17:23:03,743 Epoch: [10][190/200]	Time 0.262s (0.267s)	Speed 122.1 samples/s	Data 0.002s (0.002s)	Loss 0.01010 (0.00982)
2023-11-17 17:23:06,222 Test: [0/200]	Time 0.064 (0.064)	Loss 0.0811 (0.0811)
2023-11-17 17:23:06,452 Test: [10/200]	Time 0.021 (0.027)	Loss 0.0229 (0.0546)
2023-11-17 17:23:06,679 Test: [20/200]	Time 0.021 (0.025)	Loss 0.0283 (0.0533)
2023-11-17 17:23:06,906 Test: [30/200]	Time 0.021 (0.024)	Loss 0.0846 (0.0593)
2023-11-17 17:23:07,191 Test: [40/200]	Time 0.021 (0.025)	Loss 0.0554 (0.0615)
2023-11-17 17:23:07,419 Test: [50/200]	Time 0.021 (0.025)	Loss 0.0813 (0.0602)
2023-11-17 17:23:07,646 Test: [60/200]	Time 0.022 (0.024)	Loss 0.0981 (0.0622)
2023-11-17 17:23:07,872 Test: [70/200]	Time 0.021 (0.024)	Loss 0.0461 (0.0612)
2023-11-17 17:23:08,096 Test: [80/200]	Time 0.022 (0.024)	Loss 0.0627 (0.0596)
2023-11-17 17:23:08,326 Test: [90/200]	Time 0.021 (0.024)	Loss 0.0931 (0.0612)
2023-11-17 17:23:08,548 Test: [100/200]	Time 0.021 (0.024)	Loss 0.1119 (0.0611)
2023-11-17 17:23:08,780 Test: [110/200]	Time 0.020 (0.024)	Loss 0.1737 (0.0625)
2023-11-17 17:23:09,004 Test: [120/200]	Time 0.021 (0.024)	Loss 0.0713 (0.0612)
2023-11-17 17:23:09,230 Test: [130/200]	Time 0.022 (0.023)	Loss 0.0467 (0.0619)
2023-11-17 17:23:09,449 Test: [140/200]	Time 0.022 (0.023)	Loss 0.0686 (0.0616)
2023-11-17 17:23:09,701 Test: [150/200]	Time 0.031 (0.023)	Loss 0.0628 (0.0609)
2023-11-17 17:23:09,972 Test: [160/200]	Time 0.021 (0.024)	Loss 0.0848 (0.0611)
2023-11-17 17:23:10,200 Test: [170/200]	Time 0.021 (0.024)	Loss 0.0576 (0.0606)
2023-11-17 17:23:10,427 Test: [180/200]	Time 0.022 (0.024)	Loss 0.0344 (0.0603)
2023-11-17 17:23:10,651 Test: [190/200]	Time 0.021 (0.024)	Loss 0.0227 (0.0603)
2023-11-17 17:23:11,687 Mean IoU score: 0.856
2023-11-17 17:23:11,688 => saving checkpoint to out
2023-11-17 17:23:12,127 Epoch: [11][0/200]	Time 0.403s (0.403s)	Speed 79.4 samples/s	Data 0.069s (0.069s)	Loss 0.00836 (0.00836)
2023-11-17 17:23:14,719 Epoch: [11][10/200]	Time 0.266s (0.272s)	Speed 120.3 samples/s	Data 0.002s (0.008s)	Loss 0.00963 (0.00857)
2023-11-17 17:23:17,363 Epoch: [11][20/200]	Time 0.263s (0.269s)	Speed 121.9 samples/s	Data 0.002s (0.005s)	Loss 0.01109 (0.00861)
2023-11-17 17:23:20,022 Epoch: [11][30/200]	Time 0.266s (0.268s)	Speed 120.2 samples/s	Data 0.002s (0.004s)	Loss 0.00814 (0.00876)
2023-11-17 17:23:22,686 Epoch: [11][40/200]	Time 0.261s (0.267s)	Speed 122.5 samples/s	Data 0.002s (0.003s)	Loss 0.01206 (0.00892)
2023-11-17 17:23:25,318 Epoch: [11][50/200]	Time 0.268s (0.267s)	Speed 119.6 samples/s	Data 0.002s (0.003s)	Loss 0.00847 (0.00903)
2023-11-17 17:23:27,987 Epoch: [11][60/200]	Time 0.290s (0.267s)	Speed 110.5 samples/s	Data 0.002s (0.003s)	Loss 0.01020 (0.00914)
2023-11-17 17:23:30,695 Epoch: [11][70/200]	Time 0.264s (0.267s)	Speed 121.1 samples/s	Data 0.002s (0.003s)	Loss 0.01019 (0.00909)
2023-11-17 17:23:33,348 Epoch: [11][80/200]	Time 0.264s (0.267s)	Speed 121.4 samples/s	Data 0.002s (0.003s)	Loss 0.00925 (0.00909)
2023-11-17 17:23:36,194 Epoch: [11][90/200]	Time 0.276s (0.269s)	Speed 116.1 samples/s	Data 0.002s (0.002s)	Loss 0.00929 (0.00907)
2023-11-17 17:23:39,005 Epoch: [11][100/200]	Time 0.261s (0.270s)	Speed 122.5 samples/s	Data 0.002s (0.002s)	Loss 0.00937 (0.00910)
2023-11-17 17:23:42,615 Epoch: [11][110/200]	Time 0.524s (0.278s)	Speed 61.0 samples/s	Data 0.002s (0.002s)	Loss 0.01098 (0.00907)
2023-11-17 17:23:47,048 Epoch: [11][120/200]	Time 0.480s (0.292s)	Speed 66.7 samples/s	Data 0.002s (0.002s)	Loss 0.00773 (0.00906)
2023-11-17 17:23:50,955 Epoch: [11][130/200]	Time 0.288s (0.299s)	Speed 111.3 samples/s	Data 0.002s (0.002s)	Loss 0.00869 (0.00906)
2023-11-17 17:23:54,119 Epoch: [11][140/200]	Time 0.279s (0.301s)	Speed 114.7 samples/s	Data 0.002s (0.002s)	Loss 0.01237 (0.00915)
2023-11-17 17:23:56,858 Epoch: [11][150/200]	Time 0.265s (0.299s)	Speed 120.9 samples/s	Data 0.002s (0.002s)	Loss 0.01102 (0.00915)
2023-11-17 17:23:59,703 Epoch: [11][160/200]	Time 0.310s (0.298s)	Speed 103.3 samples/s	Data 0.002s (0.002s)	Loss 0.01059 (0.00918)
2023-11-17 17:24:03,323 Epoch: [11][170/200]	Time 0.403s (0.302s)	Speed 79.5 samples/s	Data 0.002s (0.002s)	Loss 0.01026 (0.00922)
2023-11-17 17:24:06,130 Epoch: [11][180/200]	Time 0.276s (0.301s)	Speed 115.9 samples/s	Data 0.002s (0.002s)	Loss 0.00813 (0.00921)
2023-11-17 17:24:09,254 Epoch: [11][190/200]	Time 0.257s (0.301s)	Speed 124.7 samples/s	Data 0.002s (0.002s)	Loss 0.00958 (0.00920)
2023-11-17 17:24:11,724 Test: [0/200]	Time 0.062 (0.062)	Loss 0.0757 (0.0757)
2023-11-17 17:24:11,957 Test: [10/200]	Time 0.022 (0.027)	Loss 0.0304 (0.0664)
2023-11-17 17:24:12,193 Test: [20/200]	Time 0.028 (0.025)	Loss 0.0259 (0.0623)
2023-11-17 17:24:12,478 Test: [30/200]	Time 0.029 (0.026)	Loss 0.1020 (0.0686)
2023-11-17 17:24:12,741 Test: [40/200]	Time 0.023 (0.026)	Loss 0.0492 (0.0702)
2023-11-17 17:24:12,981 Test: [50/200]	Time 0.021 (0.026)	Loss 0.1120 (0.0688)
2023-11-17 17:24:13,227 Test: [60/200]	Time 0.026 (0.026)	Loss 0.0940 (0.0717)
2023-11-17 17:24:13,553 Test: [70/200]	Time 0.021 (0.027)	Loss 0.0555 (0.0713)
2023-11-17 17:24:13,776 Test: [80/200]	Time 0.025 (0.026)	Loss 0.0585 (0.0692)
2023-11-17 17:24:14,019 Test: [90/200]	Time 0.021 (0.026)	Loss 0.1141 (0.0703)
2023-11-17 17:24:14,255 Test: [100/200]	Time 0.021 (0.026)	Loss 0.1145 (0.0699)
2023-11-17 17:24:14,473 Test: [110/200]	Time 0.021 (0.025)	Loss 0.1889 (0.0714)
2023-11-17 17:24:14,695 Test: [120/200]	Time 0.021 (0.025)	Loss 0.1016 (0.0704)
2023-11-17 17:24:14,912 Test: [130/200]	Time 0.021 (0.025)	Loss 0.0611 (0.0714)
2023-11-17 17:24:15,136 Test: [140/200]	Time 0.021 (0.025)	Loss 0.0708 (0.0711)
2023-11-17 17:24:15,353 Test: [150/200]	Time 0.021 (0.024)	Loss 0.0832 (0.0703)
2023-11-17 17:24:15,588 Test: [160/200]	Time 0.030 (0.024)	Loss 0.0792 (0.0702)
2023-11-17 17:24:15,806 Test: [170/200]	Time 0.021 (0.024)	Loss 0.0690 (0.0695)
2023-11-17 17:24:16,062 Test: [180/200]	Time 0.026 (0.024)	Loss 0.0430 (0.0689)
2023-11-17 17:24:16,342 Test: [190/200]	Time 0.022 (0.025)	Loss 0.0271 (0.0688)
2023-11-17 17:24:17,730 Mean IoU score: 0.842
2023-11-17 17:24:17,731 => saving checkpoint to out
2023-11-17 17:24:18,315 Epoch: [12][0/200]	Time 0.541s (0.541s)	Speed 59.2 samples/s	Data 0.094s (0.094s)	Loss 0.01064 (0.01064)
2023-11-17 17:24:21,406 Epoch: [12][10/200]	Time 0.262s (0.330s)	Speed 122.0 samples/s	Data 0.002s (0.010s)	Loss 0.01024 (0.00982)
2023-11-17 17:24:24,129 Epoch: [12][20/200]	Time 0.318s (0.303s)	Speed 100.5 samples/s	Data 0.002s (0.006s)	Loss 0.01106 (0.00908)
2023-11-17 17:24:28,252 Epoch: [12][30/200]	Time 0.359s (0.338s)	Speed 89.2 samples/s	Data 0.002s (0.005s)	Loss 0.00971 (0.00887)
2023-11-17 17:24:31,190 Epoch: [12][40/200]	Time 0.371s (0.327s)	Speed 86.4 samples/s	Data 0.002s (0.004s)	Loss 0.00883 (0.00884)
2023-11-17 17:24:34,061 Epoch: [12][50/200]	Time 0.281s (0.319s)	Speed 114.0 samples/s	Data 0.002s (0.004s)	Loss 0.00837 (0.00873)
2023-11-17 17:24:36,755 Epoch: [12][60/200]	Time 0.289s (0.311s)	Speed 110.8 samples/s	Data 0.002s (0.003s)	Loss 0.00743 (0.00873)
2023-11-17 17:24:39,442 Epoch: [12][70/200]	Time 0.260s (0.305s)	Speed 123.0 samples/s	Data 0.002s (0.003s)	Loss 0.01011 (0.00876)
2023-11-17 17:24:42,089 Epoch: [12][80/200]	Time 0.267s (0.300s)	Speed 120.0 samples/s	Data 0.002s (0.003s)	Loss 0.01953 (0.00909)
2023-11-17 17:24:44,702 Epoch: [12][90/200]	Time 0.258s (0.296s)	Speed 124.1 samples/s	Data 0.002s (0.003s)	Loss 0.01174 (0.00959)
2023-11-17 17:24:47,572 Epoch: [12][100/200]	Time 0.267s (0.295s)	Speed 119.8 samples/s	Data 0.002s (0.003s)	Loss 0.01509 (0.01009)
2023-11-17 17:24:50,544 Epoch: [12][110/200]	Time 0.271s (0.295s)	Speed 117.9 samples/s	Data 0.002s (0.003s)	Loss 0.01353 (0.01058)
2023-11-17 17:24:53,462 Epoch: [12][120/200]	Time 0.263s (0.295s)	Speed 121.7 samples/s	Data 0.002s (0.003s)	Loss 0.02370 (0.01137)
2023-11-17 17:24:56,113 Epoch: [12][130/200]	Time 0.263s (0.293s)	Speed 121.9 samples/s	Data 0.002s (0.003s)	Loss 0.03273 (0.01248)
2023-11-17 17:24:58,787 Epoch: [12][140/200]	Time 0.259s (0.291s)	Speed 123.7 samples/s	Data 0.002s (0.002s)	Loss 0.02426 (0.01346)
2023-11-17 17:25:01,525 Epoch: [12][150/200]	Time 0.279s (0.290s)	Speed 114.7 samples/s	Data 0.002s (0.002s)	Loss 0.02590 (0.01436)
2023-11-17 17:25:04,967 Epoch: [12][160/200]	Time 0.278s (0.293s)	Speed 115.2 samples/s	Data 0.002s (0.002s)	Loss 0.02679 (0.01484)
2023-11-17 17:25:08,526 Epoch: [12][170/200]	Time 0.313s (0.297s)	Speed 102.1 samples/s	Data 0.002s (0.002s)	Loss 0.01445 (0.01514)
2023-11-17 17:25:11,894 Epoch: [12][180/200]	Time 0.368s (0.299s)	Speed 86.9 samples/s	Data 0.002s (0.002s)	Loss 0.01395 (0.01538)
2023-11-17 17:25:14,727 Epoch: [12][190/200]	Time 0.267s (0.298s)	Speed 119.9 samples/s	Data 0.002s (0.002s)	Loss 0.01340 (0.01538)
2023-11-17 17:25:17,768 Test: [0/200]	Time 0.070 (0.070)	Loss 0.0905 (0.0905)
2023-11-17 17:25:18,056 Test: [10/200]	Time 0.028 (0.033)	Loss 0.0103 (0.0640)
2023-11-17 17:25:18,281 Test: [20/200]	Time 0.020 (0.028)	Loss 0.0345 (0.0658)
2023-11-17 17:25:18,570 Test: [30/200]	Time 0.022 (0.028)	Loss 0.1023 (0.0726)
2023-11-17 17:25:18,821 Test: [40/200]	Time 0.021 (0.027)	Loss 0.0738 (0.0756)
2023-11-17 17:25:19,052 Test: [50/200]	Time 0.020 (0.027)	Loss 0.1123 (0.0753)
2023-11-17 17:25:19,293 Test: [60/200]	Time 0.027 (0.026)	Loss 0.1209 (0.0779)
2023-11-17 17:25:19,519 Test: [70/200]	Time 0.021 (0.026)	Loss 0.0865 (0.0779)
2023-11-17 17:25:19,758 Test: [80/200]	Time 0.031 (0.025)	Loss 0.0705 (0.0766)
2023-11-17 17:25:19,991 Test: [90/200]	Time 0.021 (0.025)	Loss 0.0778 (0.0773)
2023-11-17 17:25:20,207 Test: [100/200]	Time 0.020 (0.025)	Loss 0.0933 (0.0770)
2023-11-17 17:25:20,428 Test: [110/200]	Time 0.021 (0.025)	Loss 0.1948 (0.0786)
2023-11-17 17:25:20,687 Test: [120/200]	Time 0.021 (0.025)	Loss 0.0844 (0.0781)
2023-11-17 17:25:20,903 Test: [130/200]	Time 0.021 (0.024)	Loss 0.0850 (0.0785)
2023-11-17 17:25:21,148 Test: [140/200]	Time 0.021 (0.024)	Loss 0.0649 (0.0776)
2023-11-17 17:25:21,364 Test: [150/200]	Time 0.021 (0.024)	Loss 0.0781 (0.0770)
2023-11-17 17:25:21,585 Test: [160/200]	Time 0.021 (0.024)	Loss 0.0876 (0.0773)
2023-11-17 17:25:21,814 Test: [170/200]	Time 0.022 (0.024)	Loss 0.0889 (0.0765)
2023-11-17 17:25:22,036 Test: [180/200]	Time 0.021 (0.024)	Loss 0.0603 (0.0758)
2023-11-17 17:25:22,265 Test: [190/200]	Time 0.022 (0.024)	Loss 0.0281 (0.0760)
2023-11-17 17:25:23,329 Mean IoU score: 0.812
2023-11-17 17:25:23,330 => saving checkpoint to out
2023-11-17 17:25:23,777 Epoch: [13][0/200]	Time 0.411s (0.411s)	Speed 77.8 samples/s	Data 0.068s (0.068s)	Loss 0.00993 (0.00993)
2023-11-17 17:25:26,394 Epoch: [13][10/200]	Time 0.268s (0.275s)	Speed 119.2 samples/s	Data 0.002s (0.008s)	Loss 0.01204 (0.01580)
2023-11-17 17:25:29,096 Epoch: [13][20/200]	Time 0.270s (0.273s)	Speed 118.7 samples/s	Data 0.002s (0.005s)	Loss 0.00872 (0.01461)
2023-11-17 17:25:31,862 Epoch: [13][30/200]	Time 0.269s (0.274s)	Speed 119.1 samples/s	Data 0.002s (0.004s)	Loss 0.01225 (0.01478)
2023-11-17 17:25:34,649 Epoch: [13][40/200]	Time 0.277s (0.275s)	Speed 115.4 samples/s	Data 0.002s (0.003s)	Loss 0.01364 (0.01433)
2023-11-17 17:25:37,325 Epoch: [13][50/200]	Time 0.274s (0.274s)	Speed 116.9 samples/s	Data 0.002s (0.003s)	Loss 0.01651 (0.01398)
2023-11-17 17:25:40,093 Epoch: [13][60/200]	Time 0.269s (0.274s)	Speed 118.8 samples/s	Data 0.002s (0.003s)	Loss 0.01458 (0.01373)
2023-11-17 17:25:42,837 Epoch: [13][70/200]	Time 0.273s (0.274s)	Speed 117.2 samples/s	Data 0.002s (0.003s)	Loss 0.01317 (0.01348)
2023-11-17 17:25:45,703 Epoch: [13][80/200]	Time 0.278s (0.276s)	Speed 115.2 samples/s	Data 0.002s (0.003s)	Loss 0.01604 (0.01355)
2023-11-17 17:25:48,397 Epoch: [13][90/200]	Time 0.265s (0.275s)	Speed 120.8 samples/s	Data 0.002s (0.003s)	Loss 0.01640 (0.01356)
2023-11-17 17:25:51,076 Epoch: [13][100/200]	Time 0.271s (0.274s)	Speed 118.0 samples/s	Data 0.002s (0.002s)	Loss 0.01171 (0.01359)
2023-11-17 17:25:53,753 Epoch: [13][110/200]	Time 0.260s (0.274s)	Speed 122.9 samples/s	Data 0.002s (0.002s)	Loss 0.01548 (0.01366)
2023-11-17 17:25:56,462 Epoch: [13][120/200]	Time 0.266s (0.274s)	Speed 120.2 samples/s	Data 0.002s (0.002s)	Loss 0.01307 (0.01373)
2023-11-17 17:26:00,031 Epoch: [13][130/200]	Time 0.304s (0.280s)	Speed 105.3 samples/s	Data 0.002s (0.002s)	Loss 0.01539 (0.01372)
2023-11-17 17:26:03,178 Epoch: [13][140/200]	Time 0.313s (0.282s)	Speed 102.2 samples/s	Data 0.002s (0.002s)	Loss 0.01361 (0.01376)
2023-11-17 17:26:06,080 Epoch: [13][150/200]	Time 0.270s (0.283s)	Speed 118.7 samples/s	Data 0.002s (0.002s)	Loss 0.01310 (0.01366)
2023-11-17 17:26:08,879 Epoch: [13][160/200]	Time 0.285s (0.283s)	Speed 112.3 samples/s	Data 0.002s (0.002s)	Loss 0.01253 (0.01367)
2023-11-17 17:26:11,986 Epoch: [13][170/200]	Time 0.317s (0.284s)	Speed 101.1 samples/s	Data 0.002s (0.002s)	Loss 0.01747 (0.01370)
2023-11-17 17:26:15,005 Epoch: [13][180/200]	Time 0.268s (0.285s)	Speed 119.4 samples/s	Data 0.002s (0.002s)	Loss 0.01514 (0.01369)
2023-11-17 17:26:17,807 Epoch: [13][190/200]	Time 0.263s (0.285s)	Speed 121.5 samples/s	Data 0.002s (0.002s)	Loss 0.01184 (0.01362)
2023-11-17 17:26:20,311 Test: [0/200]	Time 0.056 (0.056)	Loss 0.0901 (0.0901)
2023-11-17 17:26:20,561 Test: [10/200]	Time 0.022 (0.028)	Loss 0.0325 (0.0566)
2023-11-17 17:26:20,786 Test: [20/200]	Time 0.021 (0.025)	Loss 0.0275 (0.0585)
2023-11-17 17:26:21,016 Test: [30/200]	Time 0.020 (0.025)	Loss 0.0919 (0.0694)
2023-11-17 17:26:21,241 Test: [40/200]	Time 0.021 (0.024)	Loss 0.0590 (0.0718)
2023-11-17 17:26:21,466 Test: [50/200]	Time 0.021 (0.024)	Loss 0.0992 (0.0708)
2023-11-17 17:26:21,708 Test: [60/200]	Time 0.029 (0.024)	Loss 0.1236 (0.0736)
2023-11-17 17:26:21,937 Test: [70/200]	Time 0.021 (0.024)	Loss 0.0741 (0.0733)
2023-11-17 17:26:22,157 Test: [80/200]	Time 0.021 (0.023)	Loss 0.0896 (0.0717)
2023-11-17 17:26:22,388 Test: [90/200]	Time 0.021 (0.023)	Loss 0.0988 (0.0730)
2023-11-17 17:26:22,607 Test: [100/200]	Time 0.022 (0.023)	Loss 0.1056 (0.0721)
2023-11-17 17:26:22,831 Test: [110/200]	Time 0.020 (0.023)	Loss 0.2393 (0.0736)
2023-11-17 17:26:23,056 Test: [120/200]	Time 0.021 (0.023)	Loss 0.0747 (0.0718)
2023-11-17 17:26:23,281 Test: [130/200]	Time 0.021 (0.023)	Loss 0.0631 (0.0719)
2023-11-17 17:26:23,524 Test: [140/200]	Time 0.032 (0.023)	Loss 0.0615 (0.0714)
2023-11-17 17:26:23,831 Test: [150/200]	Time 0.022 (0.024)	Loss 0.0748 (0.0707)
2023-11-17 17:26:24,064 Test: [160/200]	Time 0.024 (0.024)	Loss 0.0841 (0.0707)
2023-11-17 17:26:24,295 Test: [170/200]	Time 0.022 (0.024)	Loss 0.0676 (0.0698)
2023-11-17 17:26:24,637 Test: [180/200]	Time 0.021 (0.024)	Loss 0.0435 (0.0691)
2023-11-17 17:26:24,860 Test: [190/200]	Time 0.021 (0.024)	Loss 0.0240 (0.0691)
2023-11-17 17:26:25,902 Mean IoU score: 0.834
2023-11-17 17:26:25,903 => saving checkpoint to out
2023-11-17 17:26:26,346 Epoch: [14][0/200]	Time 0.406s (0.406s)	Speed 78.8 samples/s	Data 0.058s (0.058s)	Loss 0.00887 (0.00887)
2023-11-17 17:26:29,007 Epoch: [14][10/200]	Time 0.271s (0.279s)	Speed 118.1 samples/s	Data 0.002s (0.007s)	Loss 0.00940 (0.01070)
2023-11-17 17:26:31,707 Epoch: [14][20/200]	Time 0.263s (0.275s)	Speed 121.6 samples/s	Data 0.002s (0.004s)	Loss 0.01174 (0.01066)
2023-11-17 17:26:34,392 Epoch: [14][30/200]	Time 0.265s (0.273s)	Speed 120.7 samples/s	Data 0.002s (0.004s)	Loss 0.01078 (0.01036)
2023-11-17 17:26:37,138 Epoch: [14][40/200]	Time 0.263s (0.273s)	Speed 121.8 samples/s	Data 0.002s (0.003s)	Loss 0.00957 (0.01054)
2023-11-17 17:26:39,843 Epoch: [14][50/200]	Time 0.271s (0.273s)	Speed 118.1 samples/s	Data 0.002s (0.003s)	Loss 0.01170 (0.01067)
2023-11-17 17:26:42,544 Epoch: [14][60/200]	Time 0.281s (0.272s)	Speed 113.9 samples/s	Data 0.002s (0.003s)	Loss 0.00863 (0.01051)
2023-11-17 17:26:45,456 Epoch: [14][70/200]	Time 0.325s (0.275s)	Speed 98.4 samples/s	Data 0.002s (0.003s)	Loss 0.00937 (0.01048)
2023-11-17 17:26:48,532 Epoch: [14][80/200]	Time 0.296s (0.279s)	Speed 108.2 samples/s	Data 0.002s (0.003s)	Loss 0.01131 (0.01038)
2023-11-17 17:26:51,511 Epoch: [14][90/200]	Time 0.374s (0.281s)	Speed 85.5 samples/s	Data 0.002s (0.003s)	Loss 0.01131 (0.01046)
2023-11-17 17:26:54,436 Epoch: [14][100/200]	Time 0.287s (0.282s)	Speed 111.6 samples/s	Data 0.002s (0.002s)	Loss 0.01200 (0.01042)
2023-11-17 17:26:57,722 Epoch: [14][110/200]	Time 0.274s (0.286s)	Speed 116.7 samples/s	Data 0.002s (0.002s)	Loss 0.00763 (0.01042)
2023-11-17 17:27:00,614 Epoch: [14][120/200]	Time 0.283s (0.287s)	Speed 113.0 samples/s	Data 0.002s (0.002s)	Loss 0.00930 (0.01035)
2023-11-17 17:27:03,656 Epoch: [14][130/200]	Time 0.311s (0.288s)	Speed 102.7 samples/s	Data 0.002s (0.002s)	Loss 0.00768 (0.01024)
2023-11-17 17:27:07,006 Epoch: [14][140/200]	Time 0.313s (0.291s)	Speed 102.3 samples/s	Data 0.002s (0.002s)	Loss 0.00720 (0.01019)
2023-11-17 17:27:10,229 Epoch: [14][150/200]	Time 0.307s (0.293s)	Speed 104.3 samples/s	Data 0.002s (0.002s)	Loss 0.00904 (0.01010)
2023-11-17 17:27:13,108 Epoch: [14][160/200]	Time 0.283s (0.293s)	Speed 113.1 samples/s	Data 0.002s (0.002s)	Loss 0.00814 (0.01005)
2023-11-17 17:27:16,248 Epoch: [14][170/200]	Time 0.267s (0.294s)	Speed 119.6 samples/s	Data 0.002s (0.002s)	Loss 0.01007 (0.01001)
2023-11-17 17:27:18,998 Epoch: [14][180/200]	Time 0.276s (0.293s)	Speed 115.9 samples/s	Data 0.002s (0.002s)	Loss 0.00910 (0.00991)
2023-11-17 17:27:21,703 Epoch: [14][190/200]	Time 0.278s (0.292s)	Speed 115.1 samples/s	Data 0.002s (0.002s)	Loss 0.00915 (0.00986)
2023-11-17 17:27:24,191 Test: [0/200]	Time 0.072 (0.072)	Loss 0.0587 (0.0587)
2023-11-17 17:27:24,428 Test: [10/200]	Time 0.022 (0.028)	Loss 0.0063 (0.0466)
2023-11-17 17:27:24,652 Test: [20/200]	Time 0.021 (0.025)	Loss 0.0188 (0.0442)
2023-11-17 17:27:24,937 Test: [30/200]	Time 0.033 (0.026)	Loss 0.0690 (0.0508)
2023-11-17 17:27:25,216 Test: [40/200]	Time 0.030 (0.027)	Loss 0.0424 (0.0528)
2023-11-17 17:27:25,476 Test: [50/200]	Time 0.022 (0.027)	Loss 0.0832 (0.0519)
2023-11-17 17:27:25,706 Test: [60/200]	Time 0.021 (0.026)	Loss 0.1013 (0.0542)
2023-11-17 17:27:25,924 Test: [70/200]	Time 0.022 (0.025)	Loss 0.0393 (0.0534)
2023-11-17 17:27:26,162 Test: [80/200]	Time 0.030 (0.025)	Loss 0.0530 (0.0521)
2023-11-17 17:27:26,400 Test: [90/200]	Time 0.021 (0.025)	Loss 0.0734 (0.0531)
2023-11-17 17:27:26,648 Test: [100/200]	Time 0.032 (0.025)	Loss 0.0723 (0.0527)
2023-11-17 17:27:26,908 Test: [110/200]	Time 0.022 (0.025)	Loss 0.1929 (0.0540)
2023-11-17 17:27:27,140 Test: [120/200]	Time 0.022 (0.025)	Loss 0.0640 (0.0529)
2023-11-17 17:27:27,374 Test: [130/200]	Time 0.021 (0.025)	Loss 0.0362 (0.0533)
2023-11-17 17:27:27,599 Test: [140/200]	Time 0.021 (0.025)	Loss 0.0509 (0.0529)
2023-11-17 17:27:27,849 Test: [150/200]	Time 0.030 (0.025)	Loss 0.0557 (0.0522)
2023-11-17 17:27:28,092 Test: [160/200]	Time 0.021 (0.025)	Loss 0.0662 (0.0524)
2023-11-17 17:27:28,323 Test: [170/200]	Time 0.022 (0.025)	Loss 0.0528 (0.0520)
2023-11-17 17:27:28,556 Test: [180/200]	Time 0.024 (0.025)	Loss 0.0341 (0.0516)
2023-11-17 17:27:28,777 Test: [190/200]	Time 0.022 (0.024)	Loss 0.0204 (0.0516)
2023-11-17 17:27:29,839 Mean IoU score: 0.873
2023-11-17 17:27:29,840 => saving checkpoint to out
2023-11-17 17:27:30,298 Epoch: [15][0/200]	Time 0.416s (0.416s)	Speed 76.9 samples/s	Data 0.090s (0.090s)	Loss 0.00701 (0.00701)
2023-11-17 17:27:32,891 Epoch: [15][10/200]	Time 0.271s (0.274s)	Speed 118.3 samples/s	Data 0.002s (0.010s)	Loss 0.00909 (0.00812)
2023-11-17 17:27:35,606 Epoch: [15][20/200]	Time 0.265s (0.273s)	Speed 120.8 samples/s	Data 0.002s (0.006s)	Loss 0.00721 (0.00803)
2023-11-17 17:27:38,387 Epoch: [15][30/200]	Time 0.276s (0.274s)	Speed 115.9 samples/s	Data 0.002s (0.005s)	Loss 0.00819 (0.00811)
2023-11-17 17:27:41,051 Epoch: [15][40/200]	Time 0.263s (0.272s)	Speed 121.7 samples/s	Data 0.002s (0.004s)	Loss 0.00961 (0.00802)
2023-11-17 17:27:43,763 Epoch: [15][50/200]	Time 0.274s (0.272s)	Speed 116.6 samples/s	Data 0.002s (0.004s)	Loss 0.00987 (0.00803)
2023-11-17 17:27:46,452 Epoch: [15][60/200]	Time 0.260s (0.272s)	Speed 123.3 samples/s	Data 0.002s (0.003s)	Loss 0.00789 (0.00812)
2023-11-17 17:27:49,166 Epoch: [15][70/200]	Time 0.278s (0.272s)	Speed 115.1 samples/s	Data 0.002s (0.003s)	Loss 0.00611 (0.00812)
2023-11-17 17:27:51,854 Epoch: [15][80/200]	Time 0.264s (0.271s)	Speed 121.2 samples/s	Data 0.002s (0.003s)	Loss 0.00800 (0.00807)
2023-11-17 17:27:54,699 Epoch: [15][90/200]	Time 0.262s (0.273s)	Speed 121.9 samples/s	Data 0.002s (0.003s)	Loss 0.00730 (0.00811)
2023-11-17 17:27:57,394 Epoch: [15][100/200]	Time 0.273s (0.272s)	Speed 117.3 samples/s	Data 0.002s (0.003s)	Loss 0.01016 (0.00817)
2023-11-17 17:28:00,107 Epoch: [15][110/200]	Time 0.268s (0.272s)	Speed 119.6 samples/s	Data 0.002s (0.003s)	Loss 0.00601 (0.00817)
2023-11-17 17:28:02,818 Epoch: [15][120/200]	Time 0.268s (0.272s)	Speed 119.5 samples/s	Data 0.002s (0.003s)	Loss 0.00882 (0.00817)
2023-11-17 17:28:05,490 Epoch: [15][130/200]	Time 0.269s (0.272s)	Speed 119.2 samples/s	Data 0.002s (0.002s)	Loss 0.00806 (0.00813)
2023-11-17 17:28:08,315 Epoch: [15][140/200]	Time 0.264s (0.273s)	Speed 121.1 samples/s	Data 0.002s (0.002s)	Loss 0.01211 (0.00814)
2023-11-17 17:28:10,990 Epoch: [15][150/200]	Time 0.264s (0.272s)	Speed 121.1 samples/s	Data 0.002s (0.002s)	Loss 0.01088 (0.00817)
2023-11-17 17:28:13,671 Epoch: [15][160/200]	Time 0.268s (0.272s)	Speed 119.4 samples/s	Data 0.002s (0.002s)	Loss 0.00772 (0.00817)
2023-11-17 17:28:16,471 Epoch: [15][170/200]	Time 0.337s (0.272s)	Speed 94.9 samples/s	Data 0.002s (0.002s)	Loss 0.00510 (0.00815)
2023-11-17 17:28:19,613 Epoch: [15][180/200]	Time 0.280s (0.275s)	Speed 114.4 samples/s	Data 0.002s (0.002s)	Loss 0.00723 (0.00811)
2023-11-17 17:28:22,994 Epoch: [15][190/200]	Time 0.416s (0.278s)	Speed 76.9 samples/s	Data 0.002s (0.002s)	Loss 0.00630 (0.00808)
2023-11-17 17:28:25,952 Test: [0/200]	Time 0.076 (0.076)	Loss 0.0534 (0.0534)
2023-11-17 17:28:26,276 Test: [10/200]	Time 0.030 (0.036)	Loss 0.0065 (0.0445)
2023-11-17 17:28:26,504 Test: [20/200]	Time 0.022 (0.030)	Loss 0.0192 (0.0445)
2023-11-17 17:28:26,754 Test: [30/200]	Time 0.033 (0.028)	Loss 0.0642 (0.0520)
2023-11-17 17:28:26,999 Test: [40/200]	Time 0.025 (0.027)	Loss 0.0479 (0.0537)
2023-11-17 17:28:27,256 Test: [50/200]	Time 0.033 (0.027)	Loss 0.0883 (0.0530)
2023-11-17 17:28:27,540 Test: [60/200]	Time 0.024 (0.027)	Loss 0.0856 (0.0553)
2023-11-17 17:28:27,837 Test: [70/200]	Time 0.034 (0.028)	Loss 0.0406 (0.0542)
2023-11-17 17:28:28,145 Test: [80/200]	Time 0.028 (0.028)	Loss 0.0494 (0.0527)
2023-11-17 17:28:28,493 Test: [90/200]	Time 0.036 (0.029)	Loss 0.0684 (0.0542)
2023-11-17 17:28:28,790 Test: [100/200]	Time 0.022 (0.029)	Loss 0.0835 (0.0538)
2023-11-17 17:28:29,073 Test: [110/200]	Time 0.036 (0.029)	Loss 0.1900 (0.0551)
2023-11-17 17:28:29,463 Test: [120/200]	Time 0.021 (0.030)	Loss 0.0558 (0.0537)
2023-11-17 17:28:29,710 Test: [130/200]	Time 0.021 (0.029)	Loss 0.0409 (0.0542)
2023-11-17 17:28:29,930 Test: [140/200]	Time 0.022 (0.029)	Loss 0.0553 (0.0536)
2023-11-17 17:28:30,160 Test: [150/200]	Time 0.023 (0.028)	Loss 0.0506 (0.0528)
2023-11-17 17:28:30,407 Test: [160/200]	Time 0.030 (0.028)	Loss 0.0654 (0.0529)
2023-11-17 17:28:30,664 Test: [170/200]	Time 0.022 (0.028)	Loss 0.0441 (0.0523)
2023-11-17 17:28:30,983 Test: [180/200]	Time 0.030 (0.028)	Loss 0.0322 (0.0519)
2023-11-17 17:28:31,324 Test: [190/200]	Time 0.035 (0.029)	Loss 0.0196 (0.0517)
2023-11-17 17:28:32,969 Mean IoU score: 0.876
2023-11-17 17:28:32,970 => saving checkpoint to out
2023-11-17 17:28:33,647 Epoch: [16][0/200]	Time 0.625s (0.625s)	Speed 51.2 samples/s	Data 0.102s (0.102s)	Loss 0.00642 (0.00642)
2023-11-17 17:28:37,544 Epoch: [16][10/200]	Time 0.432s (0.411s)	Speed 74.0 samples/s	Data 0.002s (0.011s)	Loss 0.00699 (0.00720)
2023-11-17 17:28:41,254 Epoch: [16][20/200]	Time 0.479s (0.392s)	Speed 66.8 samples/s	Data 0.002s (0.007s)	Loss 0.00768 (0.00763)
2023-11-17 17:28:45,229 Epoch: [16][30/200]	Time 0.328s (0.394s)	Speed 97.4 samples/s	Data 0.002s (0.006s)	Loss 0.00737 (0.00754)
2023-11-17 17:28:48,724 Epoch: [16][40/200]	Time 0.317s (0.383s)	Speed 100.9 samples/s	Data 0.002s (0.005s)	Loss 0.00759 (0.00745)
2023-11-17 17:28:51,874 Epoch: [16][50/200]	Time 0.402s (0.370s)	Speed 79.6 samples/s	Data 0.002s (0.004s)	Loss 0.00802 (0.00738)
2023-11-17 17:28:55,842 Epoch: [16][60/200]	Time 0.348s (0.374s)	Speed 91.9 samples/s	Data 0.002s (0.004s)	Loss 0.00844 (0.00739)
2023-11-17 17:28:59,121 Epoch: [16][70/200]	Time 0.314s (0.368s)	Speed 101.9 samples/s	Data 0.002s (0.004s)	Loss 0.00714 (0.00739)
2023-11-17 17:29:02,581 Epoch: [16][80/200]	Time 0.278s (0.365s)	Speed 115.3 samples/s	Data 0.002s (0.003s)	Loss 0.00523 (0.00730)
2023-11-17 17:29:06,014 Epoch: [16][90/200]	Time 0.383s (0.363s)	Speed 83.5 samples/s	Data 0.002s (0.003s)	Loss 0.00817 (0.00739)
2023-11-17 17:29:08,860 Epoch: [16][100/200]	Time 0.265s (0.355s)	Speed 120.6 samples/s	Data 0.002s (0.003s)	Loss 0.00916 (0.00743)
2023-11-17 17:29:11,534 Epoch: [16][110/200]	Time 0.266s (0.347s)	Speed 120.2 samples/s	Data 0.002s (0.003s)	Loss 0.00717 (0.00742)
2023-11-17 17:29:14,185 Epoch: [16][120/200]	Time 0.269s (0.340s)	Speed 118.9 samples/s	Data 0.002s (0.003s)	Loss 0.00923 (0.00744)
2023-11-17 17:29:16,853 Epoch: [16][130/200]	Time 0.267s (0.335s)	Speed 119.9 samples/s	Data 0.002s (0.003s)	Loss 0.00696 (0.00739)
2023-11-17 17:29:19,893 Epoch: [16][140/200]	Time 0.281s (0.332s)	Speed 113.8 samples/s	Data 0.002s (0.003s)	Loss 0.00809 (0.00737)
2023-11-17 17:29:22,922 Epoch: [16][150/200]	Time 0.321s (0.330s)	Speed 99.7 samples/s	Data 0.002s (0.003s)	Loss 0.00776 (0.00737)
2023-11-17 17:29:25,870 Epoch: [16][160/200]	Time 0.294s (0.328s)	Speed 109.0 samples/s	Data 0.002s (0.003s)	Loss 0.00678 (0.00736)
2023-11-17 17:29:28,847 Epoch: [16][170/200]	Time 0.322s (0.326s)	Speed 99.3 samples/s	Data 0.002s (0.003s)	Loss 0.00878 (0.00737)
2023-11-17 17:29:31,698 Epoch: [16][180/200]	Time 0.264s (0.324s)	Speed 121.1 samples/s	Data 0.002s (0.003s)	Loss 0.00683 (0.00733)
2023-11-17 17:29:34,475 Epoch: [16][190/200]	Time 0.272s (0.322s)	Speed 117.4 samples/s	Data 0.002s (0.003s)	Loss 0.00733 (0.00733)
2023-11-17 17:29:36,943 Test: [0/200]	Time 0.055 (0.055)	Loss 0.0625 (0.0625)
2023-11-17 17:29:37,178 Test: [10/200]	Time 0.020 (0.026)	Loss 0.0070 (0.0442)
2023-11-17 17:29:37,403 Test: [20/200]	Time 0.021 (0.025)	Loss 0.0184 (0.0433)
2023-11-17 17:29:37,624 Test: [30/200]	Time 0.023 (0.024)	Loss 0.0593 (0.0510)
2023-11-17 17:29:37,854 Test: [40/200]	Time 0.021 (0.024)	Loss 0.0407 (0.0532)
2023-11-17 17:29:38,078 Test: [50/200]	Time 0.022 (0.023)	Loss 0.0854 (0.0524)
2023-11-17 17:29:38,303 Test: [60/200]	Time 0.021 (0.023)	Loss 0.0908 (0.0548)
2023-11-17 17:29:38,535 Test: [70/200]	Time 0.022 (0.023)	Loss 0.0418 (0.0540)
2023-11-17 17:29:38,761 Test: [80/200]	Time 0.021 (0.023)	Loss 0.0614 (0.0526)
2023-11-17 17:29:38,983 Test: [90/200]	Time 0.022 (0.023)	Loss 0.0712 (0.0538)
2023-11-17 17:29:39,220 Test: [100/200]	Time 0.021 (0.023)	Loss 0.0807 (0.0535)
2023-11-17 17:29:39,442 Test: [110/200]	Time 0.023 (0.023)	Loss 0.1902 (0.0547)
2023-11-17 17:29:39,671 Test: [120/200]	Time 0.023 (0.023)	Loss 0.0517 (0.0533)
2023-11-17 17:29:39,895 Test: [130/200]	Time 0.022 (0.023)	Loss 0.0400 (0.0538)
2023-11-17 17:29:40,127 Test: [140/200]	Time 0.021 (0.023)	Loss 0.0516 (0.0533)
2023-11-17 17:29:40,371 Test: [150/200]	Time 0.023 (0.023)	Loss 0.0531 (0.0526)
2023-11-17 17:29:40,632 Test: [160/200]	Time 0.027 (0.023)	Loss 0.0604 (0.0528)
2023-11-17 17:29:40,904 Test: [170/200]	Time 0.023 (0.023)	Loss 0.0532 (0.0523)
2023-11-17 17:29:41,155 Test: [180/200]	Time 0.025 (0.024)	Loss 0.0329 (0.0519)
2023-11-17 17:29:41,426 Test: [190/200]	Time 0.020 (0.024)	Loss 0.0197 (0.0519)
2023-11-17 17:29:42,546 Mean IoU score: 0.875
2023-11-17 17:29:42,547 => saving checkpoint to out
2023-11-17 17:29:42,994 Epoch: [17][0/200]	Time 0.411s (0.411s)	Speed 77.9 samples/s	Data 0.085s (0.085s)	Loss 0.00703 (0.00703)
2023-11-17 17:29:45,767 Epoch: [17][10/200]	Time 0.359s (0.289s)	Speed 89.0 samples/s	Data 0.002s (0.009s)	Loss 0.00658 (0.00618)
2023-11-17 17:29:49,012 Epoch: [17][20/200]	Time 0.275s (0.306s)	Speed 116.4 samples/s	Data 0.002s (0.006s)	Loss 0.00682 (0.00651)
2023-11-17 17:29:51,828 Epoch: [17][30/200]	Time 0.265s (0.298s)	Speed 121.0 samples/s	Data 0.002s (0.004s)	Loss 0.00649 (0.00657)
2023-11-17 17:29:54,595 Epoch: [17][40/200]	Time 0.275s (0.293s)	Speed 116.5 samples/s	Data 0.002s (0.004s)	Loss 0.00703 (0.00674)
2023-11-17 17:29:57,259 Epoch: [17][50/200]	Time 0.259s (0.288s)	Speed 123.7 samples/s	Data 0.002s (0.003s)	Loss 0.00789 (0.00682)
2023-11-17 17:29:59,933 Epoch: [17][60/200]	Time 0.262s (0.284s)	Speed 122.4 samples/s	Data 0.002s (0.003s)	Loss 0.00844 (0.00681)
2023-11-17 17:30:02,758 Epoch: [17][70/200]	Time 0.258s (0.284s)	Speed 124.0 samples/s	Data 0.002s (0.003s)	Loss 0.00603 (0.00682)
2023-11-17 17:30:05,442 Epoch: [17][80/200]	Time 0.266s (0.282s)	Speed 120.1 samples/s	Data 0.002s (0.003s)	Loss 0.00817 (0.00681)
2023-11-17 17:30:08,119 Epoch: [17][90/200]	Time 0.263s (0.281s)	Speed 121.5 samples/s	Data 0.002s (0.003s)	Loss 0.00661 (0.00680)
2023-11-17 17:30:11,120 Epoch: [17][100/200]	Time 0.313s (0.283s)	Speed 102.3 samples/s	Data 0.002s (0.003s)	Loss 0.00573 (0.00673)
2023-11-17 17:30:14,688 Epoch: [17][110/200]	Time 0.306s (0.289s)	Speed 104.5 samples/s	Data 0.002s (0.003s)	Loss 0.00493 (0.00678)
2023-11-17 17:30:19,295 Epoch: [17][120/200]	Time 0.453s (0.303s)	Speed 70.7 samples/s	Data 0.002s (0.003s)	Loss 0.00665 (0.00678)
2023-11-17 17:30:22,770 Epoch: [17][130/200]	Time 0.314s (0.307s)	Speed 101.8 samples/s	Data 0.002s (0.003s)	Loss 0.00745 (0.00680)
2023-11-17 17:30:26,775 Epoch: [17][140/200]	Time 0.426s (0.313s)	Speed 75.1 samples/s	Data 0.002s (0.003s)	Loss 0.00574 (0.00677)
2023-11-17 17:30:30,941 Epoch: [17][150/200]	Time 0.358s (0.320s)	Speed 89.5 samples/s	Data 0.002s (0.003s)	Loss 0.00512 (0.00678)
2023-11-17 17:30:34,912 Epoch: [17][160/200]	Time 0.363s (0.325s)	Speed 88.1 samples/s	Data 0.003s (0.003s)	Loss 0.00703 (0.00679)
2023-11-17 17:30:38,960 Epoch: [17][170/200]	Time 0.376s (0.330s)	Speed 85.1 samples/s	Data 0.002s (0.003s)	Loss 0.00671 (0.00683)
2023-11-17 17:30:43,061 Epoch: [17][180/200]	Time 0.472s (0.334s)	Speed 67.8 samples/s	Data 0.002s (0.003s)	Loss 0.00617 (0.00681)
2023-11-17 17:30:46,745 Epoch: [17][190/200]	Time 0.333s (0.336s)	Speed 96.2 samples/s	Data 0.002s (0.003s)	Loss 0.00658 (0.00680)
2023-11-17 17:30:50,238 Test: [0/200]	Time 0.093 (0.093)	Loss 0.0618 (0.0618)
2023-11-17 17:30:50,567 Test: [10/200]	Time 0.026 (0.038)	Loss 0.0065 (0.0465)
2023-11-17 17:30:50,858 Test: [20/200]	Time 0.033 (0.034)	Loss 0.0208 (0.0466)
2023-11-17 17:30:51,123 Test: [30/200]	Time 0.021 (0.032)	Loss 0.0585 (0.0565)
2023-11-17 17:30:51,374 Test: [40/200]	Time 0.022 (0.030)	Loss 0.0541 (0.0577)
2023-11-17 17:30:51,668 Test: [50/200]	Time 0.026 (0.030)	Loss 0.0928 (0.0569)
2023-11-17 17:30:51,969 Test: [60/200]	Time 0.034 (0.030)	Loss 0.0955 (0.0590)
2023-11-17 17:30:52,268 Test: [70/200]	Time 0.028 (0.030)	Loss 0.0434 (0.0576)
2023-11-17 17:30:52,533 Test: [80/200]	Time 0.026 (0.029)	Loss 0.0591 (0.0560)
2023-11-17 17:30:52,816 Test: [90/200]	Time 0.026 (0.029)	Loss 0.0847 (0.0572)
2023-11-17 17:30:53,089 Test: [100/200]	Time 0.024 (0.029)	Loss 0.1019 (0.0569)
2023-11-17 17:30:53,513 Test: [110/200]	Time 0.046 (0.030)	Loss 0.1804 (0.0580)
2023-11-17 17:30:53,907 Test: [120/200]	Time 0.035 (0.031)	Loss 0.0545 (0.0565)
2023-11-17 17:30:54,194 Test: [130/200]	Time 0.027 (0.031)	Loss 0.0411 (0.0568)
2023-11-17 17:30:54,479 Test: [140/200]	Time 0.026 (0.031)	Loss 0.0583 (0.0563)
2023-11-17 17:30:54,773 Test: [150/200]	Time 0.025 (0.031)	Loss 0.0502 (0.0553)
2023-11-17 17:30:55,102 Test: [160/200]	Time 0.030 (0.031)	Loss 0.0735 (0.0555)
2023-11-17 17:30:55,380 Test: [170/200]	Time 0.027 (0.031)	Loss 0.0422 (0.0548)
2023-11-17 17:30:55,655 Test: [180/200]	Time 0.025 (0.030)	Loss 0.0340 (0.0544)
2023-11-17 17:30:55,971 Test: [190/200]	Time 0.034 (0.030)	Loss 0.0185 (0.0545)
2023-11-17 17:30:57,164 Mean IoU score: 0.873
2023-11-17 17:30:57,164 => saving checkpoint to out
2023-11-17 17:30:57,637 Epoch: [18][0/200]	Time 0.435s (0.435s)	Speed 73.5 samples/s	Data 0.077s (0.077s)	Loss 0.00731 (0.00731)
2023-11-17 17:31:00,611 Epoch: [18][10/200]	Time 0.318s (0.310s)	Speed 100.5 samples/s	Data 0.002s (0.009s)	Loss 0.00548 (0.00663)
2023-11-17 17:31:04,263 Epoch: [18][20/200]	Time 0.389s (0.336s)	Speed 82.3 samples/s	Data 0.002s (0.006s)	Loss 0.00828 (0.00663)
2023-11-17 17:31:07,630 Epoch: [18][30/200]	Time 0.269s (0.336s)	Speed 119.2 samples/s	Data 0.002s (0.004s)	Loss 0.00585 (0.00640)
2023-11-17 17:31:10,732 Epoch: [18][40/200]	Time 0.349s (0.330s)	Speed 91.6 samples/s	Data 0.002s (0.004s)	Loss 0.00819 (0.00636)
2023-11-17 17:31:14,060 Epoch: [18][50/200]	Time 0.393s (0.331s)	Speed 81.4 samples/s	Data 0.002s (0.003s)	Loss 0.00568 (0.00627)
2023-11-17 17:31:17,941 Epoch: [18][60/200]	Time 0.394s (0.340s)	Speed 81.3 samples/s	Data 0.002s (0.003s)	Loss 0.00444 (0.00625)
2023-11-17 17:31:21,084 Epoch: [18][70/200]	Time 0.281s (0.336s)	Speed 113.9 samples/s	Data 0.002s (0.003s)	Loss 0.00682 (0.00622)
2023-11-17 17:31:23,973 Epoch: [18][80/200]	Time 0.289s (0.331s)	Speed 110.5 samples/s	Data 0.002s (0.003s)	Loss 0.00669 (0.00626)
2023-11-17 17:31:27,428 Epoch: [18][90/200]	Time 0.430s (0.332s)	Speed 74.4 samples/s	Data 0.002s (0.003s)	Loss 0.00583 (0.00637)
2023-11-17 17:31:30,526 Epoch: [18][100/200]	Time 0.384s (0.330s)	Speed 83.3 samples/s	Data 0.002s (0.003s)	Loss 0.00818 (0.00637)
2023-11-17 17:31:34,547 Epoch: [18][110/200]	Time 0.403s (0.336s)	Speed 79.4 samples/s	Data 0.002s (0.003s)	Loss 0.00788 (0.00641)
2023-11-17 17:31:38,052 Epoch: [18][120/200]	Time 0.385s (0.338s)	Speed 83.0 samples/s	Data 0.002s (0.003s)	Loss 0.00663 (0.00643)
2023-11-17 17:31:41,997 Epoch: [18][130/200]	Time 0.449s (0.342s)	Speed 71.2 samples/s	Data 0.002s (0.003s)	Loss 0.00804 (0.00646)
2023-11-17 17:31:45,923 Epoch: [18][140/200]	Time 0.313s (0.346s)	Speed 102.4 samples/s	Data 0.002s (0.002s)	Loss 0.00586 (0.00649)
2023-11-17 17:31:49,037 Epoch: [18][150/200]	Time 0.328s (0.343s)	Speed 97.5 samples/s	Data 0.002s (0.002s)	Loss 0.00644 (0.00649)
2023-11-17 17:31:52,107 Epoch: [18][160/200]	Time 0.264s (0.341s)	Speed 121.2 samples/s	Data 0.002s (0.002s)	Loss 0.00461 (0.00651)
2023-11-17 17:31:55,371 Epoch: [18][170/200]	Time 0.400s (0.340s)	Speed 80.0 samples/s	Data 0.002s (0.002s)	Loss 0.00768 (0.00649)
2023-11-17 17:31:58,812 Epoch: [18][180/200]	Time 0.392s (0.340s)	Speed 81.6 samples/s	Data 0.002s (0.002s)	Loss 0.00790 (0.00648)
2023-11-17 17:32:02,949 Epoch: [18][190/200]	Time 0.401s (0.344s)	Speed 79.7 samples/s	Data 0.002s (0.002s)	Loss 0.00663 (0.00647)
2023-11-17 17:32:06,441 Test: [0/200]	Time 0.074 (0.074)	Loss 0.0553 (0.0553)
2023-11-17 17:32:06,675 Test: [10/200]	Time 0.021 (0.028)	Loss 0.0096 (0.0461)
2023-11-17 17:32:06,958 Test: [20/200]	Time 0.029 (0.028)	Loss 0.0202 (0.0450)
2023-11-17 17:32:07,206 Test: [30/200]	Time 0.022 (0.027)	Loss 0.0589 (0.0541)
2023-11-17 17:32:07,544 Test: [40/200]	Time 0.035 (0.029)	Loss 0.0535 (0.0565)
2023-11-17 17:32:07,823 Test: [50/200]	Time 0.021 (0.029)	Loss 0.0827 (0.0552)
2023-11-17 17:32:08,054 Test: [60/200]	Time 0.021 (0.028)	Loss 0.0885 (0.0573)
2023-11-17 17:32:08,287 Test: [70/200]	Time 0.023 (0.027)	Loss 0.0432 (0.0559)
2023-11-17 17:32:08,542 Test: [80/200]	Time 0.029 (0.027)	Loss 0.0591 (0.0546)
2023-11-17 17:32:08,877 Test: [90/200]	Time 0.031 (0.028)	Loss 0.0719 (0.0556)
2023-11-17 17:32:09,196 Test: [100/200]	Time 0.036 (0.028)	Loss 0.0975 (0.0555)
2023-11-17 17:32:09,494 Test: [110/200]	Time 0.032 (0.028)	Loss 0.1805 (0.0567)
2023-11-17 17:32:09,831 Test: [120/200]	Time 0.023 (0.029)	Loss 0.0526 (0.0554)
2023-11-17 17:32:10,091 Test: [130/200]	Time 0.026 (0.028)	Loss 0.0441 (0.0559)
2023-11-17 17:32:10,407 Test: [140/200]	Time 0.034 (0.029)	Loss 0.0482 (0.0554)
2023-11-17 17:32:10,681 Test: [150/200]	Time 0.028 (0.029)	Loss 0.0547 (0.0546)
2023-11-17 17:32:10,959 Test: [160/200]	Time 0.026 (0.029)	Loss 0.0666 (0.0546)
2023-11-17 17:32:11,228 Test: [170/200]	Time 0.026 (0.028)	Loss 0.0512 (0.0541)
2023-11-17 17:32:11,495 Test: [180/200]	Time 0.023 (0.028)	Loss 0.0324 (0.0538)
2023-11-17 17:32:11,820 Test: [190/200]	Time 0.032 (0.029)	Loss 0.0198 (0.0539)
2023-11-17 17:32:13,113 Mean IoU score: 0.874
2023-11-17 17:32:13,114 => saving checkpoint to out
2023-11-17 17:32:13,724 Epoch: [19][0/200]	Time 0.579s (0.579s)	Speed 55.2 samples/s	Data 0.086s (0.086s)	Loss 0.00699 (0.00699)
2023-11-17 17:32:18,347 Epoch: [19][10/200]	Time 0.365s (0.473s)	Speed 87.7 samples/s	Data 0.002s (0.011s)	Loss 0.00689 (0.00598)
2023-11-17 17:32:21,776 Epoch: [19][20/200]	Time 0.645s (0.411s)	Speed 49.6 samples/s	Data 0.003s (0.006s)	Loss 0.00598 (0.00576)
2023-11-17 17:32:25,472 Epoch: [19][30/200]	Time 0.429s (0.398s)	Speed 74.6 samples/s	Data 0.003s (0.005s)	Loss 0.00652 (0.00580)
2023-11-17 17:32:28,785 Epoch: [19][40/200]	Time 0.324s (0.381s)	Speed 98.7 samples/s	Data 0.002s (0.004s)	Loss 0.00528 (0.00578)
2023-11-17 17:32:32,018 Epoch: [19][50/200]	Time 0.344s (0.370s)	Speed 92.9 samples/s	Data 0.002s (0.004s)	Loss 0.00688 (0.00584)
2023-11-17 17:32:35,532 Epoch: [19][60/200]	Time 0.306s (0.367s)	Speed 104.5 samples/s	Data 0.002s (0.004s)	Loss 0.00623 (0.00582)
2023-11-17 17:32:38,976 Epoch: [19][70/200]	Time 0.331s (0.364s)	Speed 96.8 samples/s	Data 0.002s (0.003s)	Loss 0.00512 (0.00581)
2023-11-17 17:32:42,597 Epoch: [19][80/200]	Time 0.346s (0.364s)	Speed 92.4 samples/s	Data 0.002s (0.003s)	Loss 0.00628 (0.00585)
2023-11-17 17:32:46,060 Epoch: [19][90/200]	Time 0.303s (0.362s)	Speed 105.6 samples/s	Data 0.002s (0.003s)	Loss 0.00591 (0.00590)
2023-11-17 17:32:49,761 Epoch: [19][100/200]	Time 0.316s (0.363s)	Speed 101.3 samples/s	Data 0.002s (0.003s)	Loss 0.00784 (0.00592)
2023-11-17 17:32:53,069 Epoch: [19][110/200]	Time 0.353s (0.360s)	Speed 90.7 samples/s	Data 0.002s (0.003s)	Loss 0.00541 (0.00591)
2023-11-17 17:32:56,907 Epoch: [19][120/200]	Time 0.270s (0.362s)	Speed 118.3 samples/s	Data 0.002s (0.003s)	Loss 0.00600 (0.00591)
2023-11-17 17:33:00,085 Epoch: [19][130/200]	Time 0.391s (0.358s)	Speed 81.8 samples/s	Data 0.002s (0.003s)	Loss 0.00570 (0.00593)
2023-11-17 17:33:03,415 Epoch: [19][140/200]	Time 0.331s (0.357s)	Speed 96.7 samples/s	Data 0.002s (0.003s)	Loss 0.00486 (0.00599)
2023-11-17 17:33:06,532 Epoch: [19][150/200]	Time 0.306s (0.354s)	Speed 104.7 samples/s	Data 0.002s (0.003s)	Loss 0.00556 (0.00600)
2023-11-17 17:33:09,978 Epoch: [19][160/200]	Time 0.321s (0.353s)	Speed 99.7 samples/s	Data 0.002s (0.003s)	Loss 0.00749 (0.00602)
2023-11-17 17:33:13,108 Epoch: [19][170/200]	Time 0.300s (0.351s)	Speed 106.7 samples/s	Data 0.002s (0.003s)	Loss 0.00533 (0.00602)
2023-11-17 17:33:16,330 Epoch: [19][180/200]	Time 0.336s (0.349s)	Speed 95.2 samples/s	Data 0.002s (0.003s)	Loss 0.00703 (0.00604)
2023-11-17 17:33:19,712 Epoch: [19][190/200]	Time 0.335s (0.349s)	Speed 95.4 samples/s	Data 0.002s (0.003s)	Loss 0.00688 (0.00609)
2023-11-17 17:33:23,241 Test: [0/200]	Time 0.067 (0.067)	Loss 0.0763 (0.0763)
2023-11-17 17:33:23,519 Test: [10/200]	Time 0.026 (0.031)	Loss 0.0076 (0.0514)
2023-11-17 17:33:23,808 Test: [20/200]	Time 0.030 (0.030)	Loss 0.0230 (0.0493)
2023-11-17 17:33:24,135 Test: [30/200]	Time 0.028 (0.031)	Loss 0.0667 (0.0576)
2023-11-17 17:33:24,409 Test: [40/200]	Time 0.029 (0.030)	Loss 0.0555 (0.0589)
2023-11-17 17:33:24,702 Test: [50/200]	Time 0.029 (0.030)	Loss 0.0904 (0.0576)
2023-11-17 17:33:26,371 Test: [60/200]	Time 0.187 (0.052)	Loss 0.0844 (0.0601)
2023-11-17 17:33:26,708 Test: [70/200]	Time 0.030 (0.050)	Loss 0.0406 (0.0587)
2023-11-17 17:33:26,971 Test: [80/200]	Time 0.023 (0.047)	Loss 0.0571 (0.0570)
2023-11-17 17:33:27,227 Test: [90/200]	Time 0.024 (0.045)	Loss 0.0806 (0.0579)
2023-11-17 17:33:27,533 Test: [100/200]	Time 0.024 (0.043)	Loss 0.0901 (0.0577)
2023-11-17 17:33:27,812 Test: [110/200]	Time 0.027 (0.042)	Loss 0.2067 (0.0593)
2023-11-17 17:33:28,110 Test: [120/200]	Time 0.029 (0.041)	Loss 0.0476 (0.0579)
2023-11-17 17:33:28,404 Test: [130/200]	Time 0.034 (0.040)	Loss 0.0407 (0.0587)
2023-11-17 17:33:28,694 Test: [140/200]	Time 0.027 (0.039)	Loss 0.0528 (0.0583)
2023-11-17 17:33:29,038 Test: [150/200]	Time 0.032 (0.039)	Loss 0.0559 (0.0575)
2023-11-17 17:33:29,315 Test: [160/200]	Time 0.022 (0.038)	Loss 0.0693 (0.0577)
2023-11-17 17:33:29,597 Test: [170/200]	Time 0.032 (0.038)	Loss 0.0394 (0.0570)
2023-11-17 17:33:29,871 Test: [180/200]	Time 0.023 (0.037)	Loss 0.0418 (0.0567)
2023-11-17 17:33:30,114 Test: [190/200]	Time 0.024 (0.036)	Loss 0.0189 (0.0567)
2023-11-17 17:33:31,258 Mean IoU score: 0.870
2023-11-17 17:33:31,259 => saving checkpoint to out
2023-11-17 17:33:31,307 saving final model state to out/final_state.pth.tar
